

================================================================
== Vitis HLS Report for 'radiation_injector'
================================================================
* Date:           Sun Mar  1 06:16:03 2026

* Version:        2025.2 (Build 6295257 on Nov 14 2025)
* Project:        radiation_injector
* Solution:       hls (Vivado IP Flow Target)
* Product family: zynq
* Target device:  xc7z020-clg400-2


================================================================
== Performance Estimates
================================================================
+ Timing: 
    * Summary: 
    +--------+----------+----------+------------+
    |  Clock |  Target  | Estimated| Uncertainty|
    +--------+----------+----------+------------+
    |ap_clk  |  10.00 ns|  7.030 ns|     2.70 ns|
    +--------+----------+----------+------------+

+ Latency: 
    * Summary: 
    +---------+---------+-----------+----------+-----+-----+---------+
    |  Latency (cycles) |  Latency (absolute)  |  Interval | Pipeline|
    |   min   |   max   |    min    |    max   | min | max |   Type  |
    +---------+---------+-----------+----------+-----+-----+---------+
    |        1|       35|  10.000 ns|  0.350 us|    2|   36|       no|
    +---------+---------+-----------+----------+-----+-----+---------+

    + Detail: 
        * Instance: 
        N/A

        * Loop: 
        N/A

============================================================
+ Verbose Summary: Synthesis Manager
============================================================
InlineROM: 1
ExposeGlobal: 0
============================================================
+ Verbose Summary: CDFG Model
============================================================
IsTopModel: 1
ResetActiveHigh: 1
IsCombinational: 0
IsDatapathOnly: 0
HasWiredReturn: 1
HasMFsm: 0
HasVarLatency: 1
IsPipeline: 0
IsRtlPipelined: 0
IsInstanceOverlapped: 0
IsDontTouch: 0
HasImplIP: 0
IsGatedGlobalClock: 0


============================================================
+ Verbose Summary: Schedule
============================================================
* Number of FSM states : 36
* Pipeline : 0
* Dataflow Pipeline: 0

* FSM state transitions: 
1 --> 2 36 
2 --> 3 
3 --> 4 
4 --> 5 
5 --> 6 
6 --> 7 
7 --> 8 
8 --> 9 
9 --> 10 
10 --> 11 
11 --> 12 
12 --> 13 
13 --> 14 
14 --> 15 
15 --> 16 
16 --> 17 
17 --> 18 
18 --> 19 
19 --> 20 
20 --> 21 
21 --> 22 
22 --> 23 
23 --> 24 
24 --> 25 
25 --> 26 
26 --> 27 
27 --> 28 
28 --> 29 
29 --> 30 
30 --> 31 
31 --> 32 
32 --> 33 
33 --> 34 
34 --> 35 
35 --> 36 
36 --> 

* FSM state operations: 

State 1 <SV = 0> <Delay = 7.02>
ST_1 : Operation 37 [1/1] (1.00ns)   --->   "%num_words_read = read i32 @_ssdm_op_Read.s_axilite.i32, i32 %num_words" [radiation_injector.cpp:5]   --->   Operation 37 'read' 'num_words_read' <Predicate = true> <Delay = 1.00> <CoreInst = "s_axilite">   --->   Core 112 's_axilite' <Latency = 0> <II = 1> <Delay = 1.00> <Adapter> <Opcode : 'read' 'write'>
ST_1 : Operation 38 [1/1] (1.00ns)   --->   "%seed_read = read i32 @_ssdm_op_Read.s_axilite.i32, i32 %seed" [radiation_injector.cpp:5]   --->   Operation 38 'read' 'seed_read' <Predicate = true> <Delay = 1.00> <CoreInst = "s_axilite">   --->   Core 112 's_axilite' <Latency = 0> <II = 1> <Delay = 1.00> <Adapter> <Opcode : 'read' 'write'>
ST_1 : Operation 39 [1/1] (0.00ns)   --->   "%trunc_ln5 = trunc i32 %num_words_read" [radiation_injector.cpp:5]   --->   Operation 39 'trunc' 'trunc_ln5' <Predicate = true> <Delay = 0.00>
ST_1 : Operation 40 [1/1] (0.00ns)   --->   "%spectopmodule_ln5 = spectopmodule void @_ssdm_op_SpecTopModule, void @empty_7" [radiation_injector.cpp:5]   --->   Operation 40 'spectopmodule' 'spectopmodule_ln5' <Predicate = true> <Delay = 0.00>
ST_1 : Operation 41 [1/1] (0.00ns)   --->   "%specinterface_ln0 = specinterface void @_ssdm_op_SpecInterface, i32 %weight_mem, void @empty, i32 0, i32 0, void @empty_0, i32 4294967295, i32 0, void @empty_0, void @empty_0, void @empty_0, i32 0, i32 0, i32 0, i32 0, void @empty_0, void @empty_0, i32 4294967295, i32 0, i32 0, i32 0"   --->   Operation 41 'specinterface' 'specinterface_ln0' <Predicate = true> <Delay = 0.00>
ST_1 : Operation 42 [1/1] (0.00ns)   --->   "%specbitsmap_ln0 = specbitsmap void @_ssdm_op_SpecBitsMap, i32 %weight_mem"   --->   Operation 42 'specbitsmap' 'specbitsmap_ln0' <Predicate = true> <Delay = 0.00>
ST_1 : Operation 43 [1/1] (0.00ns)   --->   "%specbitsmap_ln0 = specbitsmap void @_ssdm_op_SpecBitsMap, i32 %intensity"   --->   Operation 43 'specbitsmap' 'specbitsmap_ln0' <Predicate = true> <Delay = 0.00>
ST_1 : Operation 44 [1/1] (0.00ns)   --->   "%specinterface_ln0 = specinterface void @_ssdm_op_SpecInterface, i32 %intensity, void @empty_1, i32 4294967295, i32 4294967295, void @empty_0, i32 0, i32 0, void @empty_2, void @empty_3, void @empty_0, i32 0, i32 0, i32 0, i32 0, void @empty_0, void @empty_0, i32 4294967295, i32 0, i32 0, i32 0"   --->   Operation 44 'specinterface' 'specinterface_ln0' <Predicate = true> <Delay = 0.00>
ST_1 : Operation 45 [1/1] (0.00ns)   --->   "%specinterface_ln0 = specinterface void @_ssdm_op_SpecInterface, i32 %intensity, void @empty_4, i32 0, i32 0, void @empty_0, i32 0, i32 0, void @empty_0, void @empty_0, void @empty_0, i32 0, i32 0, i32 0, i32 0, void @empty_0, void @empty_0, i32 4294967295, i32 0, i32 0, i32 0"   --->   Operation 45 'specinterface' 'specinterface_ln0' <Predicate = true> <Delay = 0.00>
ST_1 : Operation 46 [1/1] (0.00ns)   --->   "%specbitsmap_ln0 = specbitsmap void @_ssdm_op_SpecBitsMap, i32 %seed"   --->   Operation 46 'specbitsmap' 'specbitsmap_ln0' <Predicate = true> <Delay = 0.00>
ST_1 : Operation 47 [1/1] (0.00ns)   --->   "%specinterface_ln0 = specinterface void @_ssdm_op_SpecInterface, i32 %seed, void @empty_1, i32 4294967295, i32 4294967295, void @empty_0, i32 0, i32 0, void @empty_2, void @empty_5, void @empty_0, i32 0, i32 0, i32 0, i32 0, void @empty_0, void @empty_0, i32 4294967295, i32 0, i32 0, i32 0"   --->   Operation 47 'specinterface' 'specinterface_ln0' <Predicate = true> <Delay = 0.00>
ST_1 : Operation 48 [1/1] (0.00ns)   --->   "%specinterface_ln0 = specinterface void @_ssdm_op_SpecInterface, i32 %seed, void @empty_4, i32 0, i32 0, void @empty_0, i32 0, i32 0, void @empty_0, void @empty_0, void @empty_0, i32 0, i32 0, i32 0, i32 0, void @empty_0, void @empty_0, i32 4294967295, i32 0, i32 0, i32 0"   --->   Operation 48 'specinterface' 'specinterface_ln0' <Predicate = true> <Delay = 0.00>
ST_1 : Operation 49 [1/1] (0.00ns)   --->   "%specbitsmap_ln0 = specbitsmap void @_ssdm_op_SpecBitsMap, i32 %num_words"   --->   Operation 49 'specbitsmap' 'specbitsmap_ln0' <Predicate = true> <Delay = 0.00>
ST_1 : Operation 50 [1/1] (0.00ns)   --->   "%specinterface_ln0 = specinterface void @_ssdm_op_SpecInterface, i32 %num_words, void @empty_1, i32 4294967295, i32 4294967295, void @empty_0, i32 0, i32 0, void @empty_2, void @empty_6, void @empty_0, i32 0, i32 0, i32 0, i32 0, void @empty_0, void @empty_0, i32 4294967295, i32 0, i32 0, i32 0"   --->   Operation 50 'specinterface' 'specinterface_ln0' <Predicate = true> <Delay = 0.00>
ST_1 : Operation 51 [1/1] (0.00ns)   --->   "%specinterface_ln0 = specinterface void @_ssdm_op_SpecInterface, i32 %num_words, void @empty_4, i32 0, i32 0, void @empty_0, i32 0, i32 0, void @empty_0, void @empty_0, void @empty_0, i32 0, i32 0, i32 0, i32 0, void @empty_0, void @empty_0, i32 4294967295, i32 0, i32 0, i32 0"   --->   Operation 51 'specinterface' 'specinterface_ln0' <Predicate = true> <Delay = 0.00>
ST_1 : Operation 52 [1/1] (0.00ns)   --->   "%specinterface_ln0 = specinterface void @_ssdm_op_SpecInterface, i32 0, void @empty_1, i32 0, i32 0, void @empty_0, i32 0, i32 0, void @empty_2, void @empty_0, void @empty_0, i32 0, i32 0, i32 0, i32 0, void @empty_0, void @empty_0, i32 0, i32 0, i32 0, i32 0"   --->   Operation 52 'specinterface' 'specinterface_ln0' <Predicate = true> <Delay = 0.00>
ST_1 : Operation 53 [1/1] (1.89ns)   --->   "%icmp_ln21 = icmp_eq  i32 %num_words_read, i32 0" [radiation_injector.cpp:21]   --->   Operation 53 'icmp' 'icmp_ln21' <Predicate = true> <Delay = 1.89> <CoreInst = "Cmp">   --->   Core 9 'Cmp' <Latency = 0> <II = 1> <Delay = 1.89> <FuncUnit> <Opcode : 'seteq' 'setne' 'setle' 'setge' 'setlt' 'setgt'> <InPorts = 2> <OutPorts = 1>
ST_1 : Operation 54 [1/1] (0.00ns)   --->   "%br_ln21 = br i1 %icmp_ln21, void %if.end, void %return" [radiation_injector.cpp:21]   --->   Operation 54 'br' 'br_ln21' <Predicate = true> <Delay = 0.00>
ST_1 : Operation 55 [1/1] (1.89ns)   --->   "%icmp_ln24 = icmp_ugt  i32 %num_words_read, i32 16384" [radiation_injector.cpp:24]   --->   Operation 55 'icmp' 'icmp_ln24' <Predicate = (!icmp_ln21)> <Delay = 1.89> <CoreInst = "Cmp">   --->   Core 9 'Cmp' <Latency = 0> <II = 1> <Delay = 1.89> <FuncUnit> <Opcode : 'seteq' 'setne' 'setle' 'setge' 'setlt' 'setgt'> <InPorts = 2> <OutPorts = 1>
ST_1 : Operation 56 [1/1] (0.60ns)   --->   "%num_words_1 = select i1 %icmp_ln24, i15 16384, i15 %trunc_ln5" [radiation_injector.cpp:24]   --->   Operation 56 'select' 'num_words_1' <Predicate = (!icmp_ln21)> <Delay = 0.60> <CoreInst = "Sel">   --->   Core 73 'Sel' <Latency = 0> <II = 1> <Delay = 0.60> <FuncUnit> <Opcode : 'select'> <InPorts = 3> <OutPorts = 1>
ST_1 : Operation 57 [1/1] (0.00ns)   --->   "%zext_ln9 = zext i15 %num_words_1" [radiation_injector.cpp:9]   --->   Operation 57 'zext' 'zext_ln9' <Predicate = (!icmp_ln21)> <Delay = 0.00>
ST_1 : Operation 58 [1/1] (1.89ns)   --->   "%icmp_ln29 = icmp_eq  i32 %seed_read, i32 0" [radiation_injector.cpp:29]   --->   Operation 58 'icmp' 'icmp_ln29' <Predicate = (!icmp_ln21)> <Delay = 1.89> <CoreInst = "Cmp">   --->   Core 9 'Cmp' <Latency = 0> <II = 1> <Delay = 1.89> <FuncUnit> <Opcode : 'seteq' 'setne' 'setle' 'setge' 'setlt' 'setgt'> <InPorts = 2> <OutPorts = 1>
ST_1 : Operation 59 [1/1] (0.00ns)   --->   "%trunc_ln = partselect i31 @_ssdm_op_PartSelect.i31.i32.i32.i32, i32 %seed_read, i32 1, i32 31" [radiation_injector.cpp:38]   --->   Operation 59 'partselect' 'trunc_ln' <Predicate = (!icmp_ln21)> <Delay = 0.00>
ST_1 : Operation 60 [1/1] (0.71ns)   --->   "%lfsr = select i1 %icmp_ln29, i31 22128, i31 %trunc_ln" [radiation_injector.cpp:38]   --->   Operation 60 'select' 'lfsr' <Predicate = (!icmp_ln21)> <Delay = 0.71> <CoreInst = "Sel">   --->   Core 73 'Sel' <Latency = 0> <II = 1> <Delay = 0.71> <FuncUnit> <Opcode : 'select'> <InPorts = 3> <OutPorts = 1>
ST_1 : Operation 61 [35/35] (3.41ns)   --->   "%addr = urem i31 %lfsr, i31 %zext_ln9" [radiation_injector.cpp:40]   --->   Operation 61 'urem' 'addr' <Predicate = (!icmp_ln21)> <Delay = 3.41> <CoreInst = "DivnS_SEQ">   --->   Core 7 'DivnS_SEQ' <Latency = 34> <II = 31> <Delay = 3.41> <FuncUnit> <Opcode : 'udiv' 'sdiv' 'urem' 'srem'> <InPorts = 2> <OutPorts = 1>
ST_1 : Operation 62 [1/1] (0.00ns)   --->   "%bitpos = partselect i5 @_ssdm_op_PartSelect.i5.i31.i32.i32, i31 %lfsr, i32 16, i32 20" [radiation_injector.cpp:41]   --->   Operation 62 'partselect' 'bitpos' <Predicate = (!icmp_ln21)> <Delay = 0.00>

State 2 <SV = 1> <Delay = 3.41>
ST_2 : Operation 63 [34/35] (3.41ns)   --->   "%addr = urem i31 %lfsr, i31 %zext_ln9" [radiation_injector.cpp:40]   --->   Operation 63 'urem' 'addr' <Predicate = true> <Delay = 3.41> <CoreInst = "DivnS_SEQ">   --->   Core 7 'DivnS_SEQ' <Latency = 34> <II = 31> <Delay = 3.41> <FuncUnit> <Opcode : 'udiv' 'sdiv' 'urem' 'srem'> <InPorts = 2> <OutPorts = 1>

State 3 <SV = 2> <Delay = 3.41>
ST_3 : Operation 64 [33/35] (3.41ns)   --->   "%addr = urem i31 %lfsr, i31 %zext_ln9" [radiation_injector.cpp:40]   --->   Operation 64 'urem' 'addr' <Predicate = true> <Delay = 3.41> <CoreInst = "DivnS_SEQ">   --->   Core 7 'DivnS_SEQ' <Latency = 34> <II = 31> <Delay = 3.41> <FuncUnit> <Opcode : 'udiv' 'sdiv' 'urem' 'srem'> <InPorts = 2> <OutPorts = 1>

State 4 <SV = 3> <Delay = 3.41>
ST_4 : Operation 65 [32/35] (3.41ns)   --->   "%addr = urem i31 %lfsr, i31 %zext_ln9" [radiation_injector.cpp:40]   --->   Operation 65 'urem' 'addr' <Predicate = true> <Delay = 3.41> <CoreInst = "DivnS_SEQ">   --->   Core 7 'DivnS_SEQ' <Latency = 34> <II = 31> <Delay = 3.41> <FuncUnit> <Opcode : 'udiv' 'sdiv' 'urem' 'srem'> <InPorts = 2> <OutPorts = 1>

State 5 <SV = 4> <Delay = 3.41>
ST_5 : Operation 66 [31/35] (3.41ns)   --->   "%addr = urem i31 %lfsr, i31 %zext_ln9" [radiation_injector.cpp:40]   --->   Operation 66 'urem' 'addr' <Predicate = true> <Delay = 3.41> <CoreInst = "DivnS_SEQ">   --->   Core 7 'DivnS_SEQ' <Latency = 34> <II = 31> <Delay = 3.41> <FuncUnit> <Opcode : 'udiv' 'sdiv' 'urem' 'srem'> <InPorts = 2> <OutPorts = 1>

State 6 <SV = 5> <Delay = 3.41>
ST_6 : Operation 67 [30/35] (3.41ns)   --->   "%addr = urem i31 %lfsr, i31 %zext_ln9" [radiation_injector.cpp:40]   --->   Operation 67 'urem' 'addr' <Predicate = true> <Delay = 3.41> <CoreInst = "DivnS_SEQ">   --->   Core 7 'DivnS_SEQ' <Latency = 34> <II = 31> <Delay = 3.41> <FuncUnit> <Opcode : 'udiv' 'sdiv' 'urem' 'srem'> <InPorts = 2> <OutPorts = 1>

State 7 <SV = 6> <Delay = 3.41>
ST_7 : Operation 68 [29/35] (3.41ns)   --->   "%addr = urem i31 %lfsr, i31 %zext_ln9" [radiation_injector.cpp:40]   --->   Operation 68 'urem' 'addr' <Predicate = true> <Delay = 3.41> <CoreInst = "DivnS_SEQ">   --->   Core 7 'DivnS_SEQ' <Latency = 34> <II = 31> <Delay = 3.41> <FuncUnit> <Opcode : 'udiv' 'sdiv' 'urem' 'srem'> <InPorts = 2> <OutPorts = 1>

State 8 <SV = 7> <Delay = 3.41>
ST_8 : Operation 69 [28/35] (3.41ns)   --->   "%addr = urem i31 %lfsr, i31 %zext_ln9" [radiation_injector.cpp:40]   --->   Operation 69 'urem' 'addr' <Predicate = true> <Delay = 3.41> <CoreInst = "DivnS_SEQ">   --->   Core 7 'DivnS_SEQ' <Latency = 34> <II = 31> <Delay = 3.41> <FuncUnit> <Opcode : 'udiv' 'sdiv' 'urem' 'srem'> <InPorts = 2> <OutPorts = 1>

State 9 <SV = 8> <Delay = 3.41>
ST_9 : Operation 70 [27/35] (3.41ns)   --->   "%addr = urem i31 %lfsr, i31 %zext_ln9" [radiation_injector.cpp:40]   --->   Operation 70 'urem' 'addr' <Predicate = true> <Delay = 3.41> <CoreInst = "DivnS_SEQ">   --->   Core 7 'DivnS_SEQ' <Latency = 34> <II = 31> <Delay = 3.41> <FuncUnit> <Opcode : 'udiv' 'sdiv' 'urem' 'srem'> <InPorts = 2> <OutPorts = 1>

State 10 <SV = 9> <Delay = 3.41>
ST_10 : Operation 71 [26/35] (3.41ns)   --->   "%addr = urem i31 %lfsr, i31 %zext_ln9" [radiation_injector.cpp:40]   --->   Operation 71 'urem' 'addr' <Predicate = true> <Delay = 3.41> <CoreInst = "DivnS_SEQ">   --->   Core 7 'DivnS_SEQ' <Latency = 34> <II = 31> <Delay = 3.41> <FuncUnit> <Opcode : 'udiv' 'sdiv' 'urem' 'srem'> <InPorts = 2> <OutPorts = 1>

State 11 <SV = 10> <Delay = 3.41>
ST_11 : Operation 72 [25/35] (3.41ns)   --->   "%addr = urem i31 %lfsr, i31 %zext_ln9" [radiation_injector.cpp:40]   --->   Operation 72 'urem' 'addr' <Predicate = true> <Delay = 3.41> <CoreInst = "DivnS_SEQ">   --->   Core 7 'DivnS_SEQ' <Latency = 34> <II = 31> <Delay = 3.41> <FuncUnit> <Opcode : 'udiv' 'sdiv' 'urem' 'srem'> <InPorts = 2> <OutPorts = 1>

State 12 <SV = 11> <Delay = 3.41>
ST_12 : Operation 73 [24/35] (3.41ns)   --->   "%addr = urem i31 %lfsr, i31 %zext_ln9" [radiation_injector.cpp:40]   --->   Operation 73 'urem' 'addr' <Predicate = true> <Delay = 3.41> <CoreInst = "DivnS_SEQ">   --->   Core 7 'DivnS_SEQ' <Latency = 34> <II = 31> <Delay = 3.41> <FuncUnit> <Opcode : 'udiv' 'sdiv' 'urem' 'srem'> <InPorts = 2> <OutPorts = 1>

State 13 <SV = 12> <Delay = 3.41>
ST_13 : Operation 74 [23/35] (3.41ns)   --->   "%addr = urem i31 %lfsr, i31 %zext_ln9" [radiation_injector.cpp:40]   --->   Operation 74 'urem' 'addr' <Predicate = true> <Delay = 3.41> <CoreInst = "DivnS_SEQ">   --->   Core 7 'DivnS_SEQ' <Latency = 34> <II = 31> <Delay = 3.41> <FuncUnit> <Opcode : 'udiv' 'sdiv' 'urem' 'srem'> <InPorts = 2> <OutPorts = 1>

State 14 <SV = 13> <Delay = 3.41>
ST_14 : Operation 75 [22/35] (3.41ns)   --->   "%addr = urem i31 %lfsr, i31 %zext_ln9" [radiation_injector.cpp:40]   --->   Operation 75 'urem' 'addr' <Predicate = true> <Delay = 3.41> <CoreInst = "DivnS_SEQ">   --->   Core 7 'DivnS_SEQ' <Latency = 34> <II = 31> <Delay = 3.41> <FuncUnit> <Opcode : 'udiv' 'sdiv' 'urem' 'srem'> <InPorts = 2> <OutPorts = 1>

State 15 <SV = 14> <Delay = 3.41>
ST_15 : Operation 76 [21/35] (3.41ns)   --->   "%addr = urem i31 %lfsr, i31 %zext_ln9" [radiation_injector.cpp:40]   --->   Operation 76 'urem' 'addr' <Predicate = true> <Delay = 3.41> <CoreInst = "DivnS_SEQ">   --->   Core 7 'DivnS_SEQ' <Latency = 34> <II = 31> <Delay = 3.41> <FuncUnit> <Opcode : 'udiv' 'sdiv' 'urem' 'srem'> <InPorts = 2> <OutPorts = 1>

State 16 <SV = 15> <Delay = 3.41>
ST_16 : Operation 77 [20/35] (3.41ns)   --->   "%addr = urem i31 %lfsr, i31 %zext_ln9" [radiation_injector.cpp:40]   --->   Operation 77 'urem' 'addr' <Predicate = true> <Delay = 3.41> <CoreInst = "DivnS_SEQ">   --->   Core 7 'DivnS_SEQ' <Latency = 34> <II = 31> <Delay = 3.41> <FuncUnit> <Opcode : 'udiv' 'sdiv' 'urem' 'srem'> <InPorts = 2> <OutPorts = 1>

State 17 <SV = 16> <Delay = 3.41>
ST_17 : Operation 78 [19/35] (3.41ns)   --->   "%addr = urem i31 %lfsr, i31 %zext_ln9" [radiation_injector.cpp:40]   --->   Operation 78 'urem' 'addr' <Predicate = true> <Delay = 3.41> <CoreInst = "DivnS_SEQ">   --->   Core 7 'DivnS_SEQ' <Latency = 34> <II = 31> <Delay = 3.41> <FuncUnit> <Opcode : 'udiv' 'sdiv' 'urem' 'srem'> <InPorts = 2> <OutPorts = 1>

State 18 <SV = 17> <Delay = 3.41>
ST_18 : Operation 79 [18/35] (3.41ns)   --->   "%addr = urem i31 %lfsr, i31 %zext_ln9" [radiation_injector.cpp:40]   --->   Operation 79 'urem' 'addr' <Predicate = true> <Delay = 3.41> <CoreInst = "DivnS_SEQ">   --->   Core 7 'DivnS_SEQ' <Latency = 34> <II = 31> <Delay = 3.41> <FuncUnit> <Opcode : 'udiv' 'sdiv' 'urem' 'srem'> <InPorts = 2> <OutPorts = 1>

State 19 <SV = 18> <Delay = 3.41>
ST_19 : Operation 80 [17/35] (3.41ns)   --->   "%addr = urem i31 %lfsr, i31 %zext_ln9" [radiation_injector.cpp:40]   --->   Operation 80 'urem' 'addr' <Predicate = true> <Delay = 3.41> <CoreInst = "DivnS_SEQ">   --->   Core 7 'DivnS_SEQ' <Latency = 34> <II = 31> <Delay = 3.41> <FuncUnit> <Opcode : 'udiv' 'sdiv' 'urem' 'srem'> <InPorts = 2> <OutPorts = 1>

State 20 <SV = 19> <Delay = 3.41>
ST_20 : Operation 81 [16/35] (3.41ns)   --->   "%addr = urem i31 %lfsr, i31 %zext_ln9" [radiation_injector.cpp:40]   --->   Operation 81 'urem' 'addr' <Predicate = true> <Delay = 3.41> <CoreInst = "DivnS_SEQ">   --->   Core 7 'DivnS_SEQ' <Latency = 34> <II = 31> <Delay = 3.41> <FuncUnit> <Opcode : 'udiv' 'sdiv' 'urem' 'srem'> <InPorts = 2> <OutPorts = 1>

State 21 <SV = 20> <Delay = 3.41>
ST_21 : Operation 82 [15/35] (3.41ns)   --->   "%addr = urem i31 %lfsr, i31 %zext_ln9" [radiation_injector.cpp:40]   --->   Operation 82 'urem' 'addr' <Predicate = true> <Delay = 3.41> <CoreInst = "DivnS_SEQ">   --->   Core 7 'DivnS_SEQ' <Latency = 34> <II = 31> <Delay = 3.41> <FuncUnit> <Opcode : 'udiv' 'sdiv' 'urem' 'srem'> <InPorts = 2> <OutPorts = 1>

State 22 <SV = 21> <Delay = 3.41>
ST_22 : Operation 83 [14/35] (3.41ns)   --->   "%addr = urem i31 %lfsr, i31 %zext_ln9" [radiation_injector.cpp:40]   --->   Operation 83 'urem' 'addr' <Predicate = true> <Delay = 3.41> <CoreInst = "DivnS_SEQ">   --->   Core 7 'DivnS_SEQ' <Latency = 34> <II = 31> <Delay = 3.41> <FuncUnit> <Opcode : 'udiv' 'sdiv' 'urem' 'srem'> <InPorts = 2> <OutPorts = 1>

State 23 <SV = 22> <Delay = 3.41>
ST_23 : Operation 84 [13/35] (3.41ns)   --->   "%addr = urem i31 %lfsr, i31 %zext_ln9" [radiation_injector.cpp:40]   --->   Operation 84 'urem' 'addr' <Predicate = true> <Delay = 3.41> <CoreInst = "DivnS_SEQ">   --->   Core 7 'DivnS_SEQ' <Latency = 34> <II = 31> <Delay = 3.41> <FuncUnit> <Opcode : 'udiv' 'sdiv' 'urem' 'srem'> <InPorts = 2> <OutPorts = 1>

State 24 <SV = 23> <Delay = 3.41>
ST_24 : Operation 85 [12/35] (3.41ns)   --->   "%addr = urem i31 %lfsr, i31 %zext_ln9" [radiation_injector.cpp:40]   --->   Operation 85 'urem' 'addr' <Predicate = true> <Delay = 3.41> <CoreInst = "DivnS_SEQ">   --->   Core 7 'DivnS_SEQ' <Latency = 34> <II = 31> <Delay = 3.41> <FuncUnit> <Opcode : 'udiv' 'sdiv' 'urem' 'srem'> <InPorts = 2> <OutPorts = 1>

State 25 <SV = 24> <Delay = 3.41>
ST_25 : Operation 86 [11/35] (3.41ns)   --->   "%addr = urem i31 %lfsr, i31 %zext_ln9" [radiation_injector.cpp:40]   --->   Operation 86 'urem' 'addr' <Predicate = true> <Delay = 3.41> <CoreInst = "DivnS_SEQ">   --->   Core 7 'DivnS_SEQ' <Latency = 34> <II = 31> <Delay = 3.41> <FuncUnit> <Opcode : 'udiv' 'sdiv' 'urem' 'srem'> <InPorts = 2> <OutPorts = 1>

State 26 <SV = 25> <Delay = 3.41>
ST_26 : Operation 87 [10/35] (3.41ns)   --->   "%addr = urem i31 %lfsr, i31 %zext_ln9" [radiation_injector.cpp:40]   --->   Operation 87 'urem' 'addr' <Predicate = true> <Delay = 3.41> <CoreInst = "DivnS_SEQ">   --->   Core 7 'DivnS_SEQ' <Latency = 34> <II = 31> <Delay = 3.41> <FuncUnit> <Opcode : 'udiv' 'sdiv' 'urem' 'srem'> <InPorts = 2> <OutPorts = 1>

State 27 <SV = 26> <Delay = 3.41>
ST_27 : Operation 88 [9/35] (3.41ns)   --->   "%addr = urem i31 %lfsr, i31 %zext_ln9" [radiation_injector.cpp:40]   --->   Operation 88 'urem' 'addr' <Predicate = true> <Delay = 3.41> <CoreInst = "DivnS_SEQ">   --->   Core 7 'DivnS_SEQ' <Latency = 34> <II = 31> <Delay = 3.41> <FuncUnit> <Opcode : 'udiv' 'sdiv' 'urem' 'srem'> <InPorts = 2> <OutPorts = 1>

State 28 <SV = 27> <Delay = 3.41>
ST_28 : Operation 89 [8/35] (3.41ns)   --->   "%addr = urem i31 %lfsr, i31 %zext_ln9" [radiation_injector.cpp:40]   --->   Operation 89 'urem' 'addr' <Predicate = true> <Delay = 3.41> <CoreInst = "DivnS_SEQ">   --->   Core 7 'DivnS_SEQ' <Latency = 34> <II = 31> <Delay = 3.41> <FuncUnit> <Opcode : 'udiv' 'sdiv' 'urem' 'srem'> <InPorts = 2> <OutPorts = 1>

State 29 <SV = 28> <Delay = 3.41>
ST_29 : Operation 90 [7/35] (3.41ns)   --->   "%addr = urem i31 %lfsr, i31 %zext_ln9" [radiation_injector.cpp:40]   --->   Operation 90 'urem' 'addr' <Predicate = true> <Delay = 3.41> <CoreInst = "DivnS_SEQ">   --->   Core 7 'DivnS_SEQ' <Latency = 34> <II = 31> <Delay = 3.41> <FuncUnit> <Opcode : 'udiv' 'sdiv' 'urem' 'srem'> <InPorts = 2> <OutPorts = 1>

State 30 <SV = 29> <Delay = 3.41>
ST_30 : Operation 91 [6/35] (3.41ns)   --->   "%addr = urem i31 %lfsr, i31 %zext_ln9" [radiation_injector.cpp:40]   --->   Operation 91 'urem' 'addr' <Predicate = true> <Delay = 3.41> <CoreInst = "DivnS_SEQ">   --->   Core 7 'DivnS_SEQ' <Latency = 34> <II = 31> <Delay = 3.41> <FuncUnit> <Opcode : 'udiv' 'sdiv' 'urem' 'srem'> <InPorts = 2> <OutPorts = 1>

State 31 <SV = 30> <Delay = 3.41>
ST_31 : Operation 92 [5/35] (3.41ns)   --->   "%addr = urem i31 %lfsr, i31 %zext_ln9" [radiation_injector.cpp:40]   --->   Operation 92 'urem' 'addr' <Predicate = true> <Delay = 3.41> <CoreInst = "DivnS_SEQ">   --->   Core 7 'DivnS_SEQ' <Latency = 34> <II = 31> <Delay = 3.41> <FuncUnit> <Opcode : 'udiv' 'sdiv' 'urem' 'srem'> <InPorts = 2> <OutPorts = 1>

State 32 <SV = 31> <Delay = 3.41>
ST_32 : Operation 93 [4/35] (3.41ns)   --->   "%addr = urem i31 %lfsr, i31 %zext_ln9" [radiation_injector.cpp:40]   --->   Operation 93 'urem' 'addr' <Predicate = true> <Delay = 3.41> <CoreInst = "DivnS_SEQ">   --->   Core 7 'DivnS_SEQ' <Latency = 34> <II = 31> <Delay = 3.41> <FuncUnit> <Opcode : 'udiv' 'sdiv' 'urem' 'srem'> <InPorts = 2> <OutPorts = 1>

State 33 <SV = 32> <Delay = 3.41>
ST_33 : Operation 94 [3/35] (3.41ns)   --->   "%addr = urem i31 %lfsr, i31 %zext_ln9" [radiation_injector.cpp:40]   --->   Operation 94 'urem' 'addr' <Predicate = true> <Delay = 3.41> <CoreInst = "DivnS_SEQ">   --->   Core 7 'DivnS_SEQ' <Latency = 34> <II = 31> <Delay = 3.41> <FuncUnit> <Opcode : 'udiv' 'sdiv' 'urem' 'srem'> <InPorts = 2> <OutPorts = 1>

State 34 <SV = 33> <Delay = 3.41>
ST_34 : Operation 95 [2/35] (3.41ns)   --->   "%addr = urem i31 %lfsr, i31 %zext_ln9" [radiation_injector.cpp:40]   --->   Operation 95 'urem' 'addr' <Predicate = true> <Delay = 3.41> <CoreInst = "DivnS_SEQ">   --->   Core 7 'DivnS_SEQ' <Latency = 34> <II = 31> <Delay = 3.41> <FuncUnit> <Opcode : 'udiv' 'sdiv' 'urem' 'srem'> <InPorts = 2> <OutPorts = 1>

State 35 <SV = 34> <Delay = 3.41>
ST_35 : Operation 96 [1/35] (3.41ns)   --->   "%addr = urem i31 %lfsr, i31 %zext_ln9" [radiation_injector.cpp:40]   --->   Operation 96 'urem' 'addr' <Predicate = true> <Delay = 3.41> <CoreInst = "DivnS_SEQ">   --->   Core 7 'DivnS_SEQ' <Latency = 34> <II = 31> <Delay = 3.41> <FuncUnit> <Opcode : 'udiv' 'sdiv' 'urem' 'srem'> <InPorts = 2> <OutPorts = 1>
ST_35 : Operation 97 [1/1] (0.00ns)   --->   "%zext_ln45 = zext i31 %addr" [radiation_injector.cpp:45]   --->   Operation 97 'zext' 'zext_ln45' <Predicate = true> <Delay = 0.00>
ST_35 : Operation 98 [1/1] (0.00ns)   --->   "%weight_mem_addr = getelementptr i32 %weight_mem, i64 0, i64 %zext_ln45" [radiation_injector.cpp:45]   --->   Operation 98 'getelementptr' 'weight_mem_addr' <Predicate = true> <Delay = 0.00>
ST_35 : Operation 99 [2/2] (0.00ns)   --->   "%val = load i14 %weight_mem_addr" [radiation_injector.cpp:45]   --->   Operation 99 'load' 'val' <Predicate = true> <Delay = 0.00> <CoreInst = "RAM">   --->   Core 81 'RAM' <Latency = 1> <II = 1> <Delay = 2.77> <Storage> <Opcode : 'load' 'store'> <Ports = 2> <Width = 32> <Depth = 16384> <RAM>

State 36 <SV = 35> <Delay = 2.98>
ST_36 : Operation 100 [1/1] (0.00ns)   --->   "%zext_ln43 = zext i5 %bitpos" [radiation_injector.cpp:43]   --->   Operation 100 'zext' 'zext_ln43' <Predicate = (!icmp_ln21)> <Delay = 0.00>
ST_36 : Operation 101 [1/1] (2.18ns)   --->   "%mask = shl i32 1, i32 %zext_ln43" [radiation_injector.cpp:43]   --->   Operation 101 'shl' 'mask' <Predicate = (!icmp_ln21)> <Delay = 2.18> <CoreInst = "Shifter">   --->   Core 75 'Shifter' <Latency = 0> <II = 1> <Delay = 2.18> <FuncUnit> <Opcode : 'shl' 'lshr' 'ashr'> <InPorts = 2> <OutPorts = 1>
ST_36 : Operation 102 [1/2] ( I:0.00ns O:0.00ns )   --->   "%val = load i14 %weight_mem_addr" [radiation_injector.cpp:45]   --->   Operation 102 'load' 'val' <Predicate = (!icmp_ln21)> <Delay = 0.00> <CoreInst = "RAM">   --->   Core 81 'RAM' <Latency = 1> <II = 1> <Delay = 2.77> <Storage> <Opcode : 'load' 'store'> <Ports = 2> <Width = 32> <Depth = 16384> <RAM>
ST_36 : Operation 103 [1/1] (0.80ns)   --->   "%xor_ln46 = xor i32 %val, i32 %mask" [radiation_injector.cpp:46]   --->   Operation 103 'xor' 'xor_ln46' <Predicate = (!icmp_ln21)> <Delay = 0.80> <CoreInst = "LogicGate">   --->   Core 74 'LogicGate' <Latency = 0> <II = 1> <Delay = 0.80> <FuncUnit> <Opcode : 'and' 'or' 'xor'> <InPorts = 2> <OutPorts = 1>
ST_36 : Operation 104 [1/1] ( I:0.00ns O:0.00ns )   --->   "%store_ln46 = store i32 %xor_ln46, i14 %weight_mem_addr" [radiation_injector.cpp:46]   --->   Operation 104 'store' 'store_ln46' <Predicate = (!icmp_ln21)> <Delay = 0.00> <CoreInst = "RAM">   --->   Core 81 'RAM' <Latency = 1> <II = 1> <Delay = 2.77> <Storage> <Opcode : 'load' 'store'> <Ports = 2> <Width = 32> <Depth = 16384> <RAM>
ST_36 : Operation 105 [1/1] (0.00ns)   --->   "%br_ln47 = br void %return" [radiation_injector.cpp:47]   --->   Operation 105 'br' 'br_ln47' <Predicate = (!icmp_ln21)> <Delay = 0.00>
ST_36 : Operation 106 [1/1] (0.00ns)   --->   "%ret_ln47 = ret" [radiation_injector.cpp:47]   --->   Operation 106 'ret' 'ret_ln47' <Predicate = true> <Delay = 0.00>


============================================================
+ Verbose Summary: Timing violations
============================================================
Target clock period: 10.000ns, clock uncertainty: 2.700ns.

 <State 1>: 7.030ns
The critical path consists of the following:
	s_axi read operation ('seed_read', radiation_injector.cpp:5) on port 'seed' (radiation_injector.cpp:5) [6]  (1.000 ns)
	'icmp' operation 1 bit ('icmp_ln29', radiation_injector.cpp:29) [27]  (1.896 ns)
	'select' operation 31 bit ('lfsr', radiation_injector.cpp:38) [29]  (0.716 ns)
	'urem' operation 31 bit ('addr', radiation_injector.cpp:40) [30]  (3.418 ns)

 <State 2>: 3.418ns
The critical path consists of the following:
	'urem' operation 31 bit ('addr', radiation_injector.cpp:40) [30]  (3.418 ns)

 <State 3>: 3.418ns
The critical path consists of the following:
	'urem' operation 31 bit ('addr', radiation_injector.cpp:40) [30]  (3.418 ns)

 <State 4>: 3.418ns
The critical path consists of the following:
	'urem' operation 31 bit ('addr', radiation_injector.cpp:40) [30]  (3.418 ns)

 <State 5>: 3.418ns
The critical path consists of the following:
	'urem' operation 31 bit ('addr', radiation_injector.cpp:40) [30]  (3.418 ns)

 <State 6>: 3.418ns
The critical path consists of the following:
	'urem' operation 31 bit ('addr', radiation_injector.cpp:40) [30]  (3.418 ns)

 <State 7>: 3.418ns
The critical path consists of the following:
	'urem' operation 31 bit ('addr', radiation_injector.cpp:40) [30]  (3.418 ns)

 <State 8>: 3.418ns
The critical path consists of the following:
	'urem' operation 31 bit ('addr', radiation_injector.cpp:40) [30]  (3.418 ns)

 <State 9>: 3.418ns
The critical path consists of the following:
	'urem' operation 31 bit ('addr', radiation_injector.cpp:40) [30]  (3.418 ns)

 <State 10>: 3.418ns
The critical path consists of the following:
	'urem' operation 31 bit ('addr', radiation_injector.cpp:40) [30]  (3.418 ns)

 <State 11>: 3.418ns
The critical path consists of the following:
	'urem' operation 31 bit ('addr', radiation_injector.cpp:40) [30]  (3.418 ns)

 <State 12>: 3.418ns
The critical path consists of the following:
	'urem' operation 31 bit ('addr', radiation_injector.cpp:40) [30]  (3.418 ns)

 <State 13>: 3.418ns
The critical path consists of the following:
	'urem' operation 31 bit ('addr', radiation_injector.cpp:40) [30]  (3.418 ns)

 <State 14>: 3.418ns
The critical path consists of the following:
	'urem' operation 31 bit ('addr', radiation_injector.cpp:40) [30]  (3.418 ns)

 <State 15>: 3.418ns
The critical path consists of the following:
	'urem' operation 31 bit ('addr', radiation_injector.cpp:40) [30]  (3.418 ns)

 <State 16>: 3.418ns
The critical path consists of the following:
	'urem' operation 31 bit ('addr', radiation_injector.cpp:40) [30]  (3.418 ns)

 <State 17>: 3.418ns
The critical path consists of the following:
	'urem' operation 31 bit ('addr', radiation_injector.cpp:40) [30]  (3.418 ns)

 <State 18>: 3.418ns
The critical path consists of the following:
	'urem' operation 31 bit ('addr', radiation_injector.cpp:40) [30]  (3.418 ns)

 <State 19>: 3.418ns
The critical path consists of the following:
	'urem' operation 31 bit ('addr', radiation_injector.cpp:40) [30]  (3.418 ns)

 <State 20>: 3.418ns
The critical path consists of the following:
	'urem' operation 31 bit ('addr', radiation_injector.cpp:40) [30]  (3.418 ns)

 <State 21>: 3.418ns
The critical path consists of the following:
	'urem' operation 31 bit ('addr', radiation_injector.cpp:40) [30]  (3.418 ns)

 <State 22>: 3.418ns
The critical path consists of the following:
	'urem' operation 31 bit ('addr', radiation_injector.cpp:40) [30]  (3.418 ns)

 <State 23>: 3.418ns
The critical path consists of the following:
	'urem' operation 31 bit ('addr', radiation_injector.cpp:40) [30]  (3.418 ns)

 <State 24>: 3.418ns
The critical path consists of the following:
	'urem' operation 31 bit ('addr', radiation_injector.cpp:40) [30]  (3.418 ns)

 <State 25>: 3.418ns
The critical path consists of the following:
	'urem' operation 31 bit ('addr', radiation_injector.cpp:40) [30]  (3.418 ns)

 <State 26>: 3.418ns
The critical path consists of the following:
	'urem' operation 31 bit ('addr', radiation_injector.cpp:40) [30]  (3.418 ns)

 <State 27>: 3.418ns
The critical path consists of the following:
	'urem' operation 31 bit ('addr', radiation_injector.cpp:40) [30]  (3.418 ns)

 <State 28>: 3.418ns
The critical path consists of the following:
	'urem' operation 31 bit ('addr', radiation_injector.cpp:40) [30]  (3.418 ns)

 <State 29>: 3.418ns
The critical path consists of the following:
	'urem' operation 31 bit ('addr', radiation_injector.cpp:40) [30]  (3.418 ns)

 <State 30>: 3.418ns
The critical path consists of the following:
	'urem' operation 31 bit ('addr', radiation_injector.cpp:40) [30]  (3.418 ns)

 <State 31>: 3.418ns
The critical path consists of the following:
	'urem' operation 31 bit ('addr', radiation_injector.cpp:40) [30]  (3.418 ns)

 <State 32>: 3.418ns
The critical path consists of the following:
	'urem' operation 31 bit ('addr', radiation_injector.cpp:40) [30]  (3.418 ns)

 <State 33>: 3.418ns
The critical path consists of the following:
	'urem' operation 31 bit ('addr', radiation_injector.cpp:40) [30]  (3.418 ns)

 <State 34>: 3.418ns
The critical path consists of the following:
	'urem' operation 31 bit ('addr', radiation_injector.cpp:40) [30]  (3.418 ns)

 <State 35>: 3.418ns
The critical path consists of the following:
	'urem' operation 31 bit ('addr', radiation_injector.cpp:40) [30]  (3.418 ns)

 <State 36>: 2.990ns
The critical path consists of the following:
	'shl' operation 32 bit ('mask', radiation_injector.cpp:43) [33]  (2.182 ns)
	'xor' operation 32 bit ('xor_ln46', radiation_injector.cpp:46) [37]  (0.808 ns)


============================================================
+ Verbose Summary: Binding
============================================================
N/A
* FSMD analyzer results:
  - Output states:
 - Input state : 
  - Chain level:
	State 1
	State 2
	State 3
	State 4
	State 5
	State 6
	State 7
	State 8
	State 9
	State 10
	State 11
	State 12
	State 13
	State 14
	State 15
	State 16
	State 17
	State 18
	State 19
	State 20
	State 21
	State 22
	State 23
	State 24
	State 25
	State 26
	State 27
	State 28
	State 29
	State 30
	State 31
	State 32
	State 33
	State 34
	State 35
	State 36


============================================================
+ Verbose Summary: Datapath Resource usage 
============================================================
N/A
