E:\source\.ITA\FPGA\7.RAD\zc702_workspace\radiation_injector\radiation_injector\hls\.autopilot\db\radiation_injector.pp.0.cpp:2254:5: remark: Added loop label VITIS_LOOP_676_1:   [xilinx-label-all-loops]
    for (unsigned i = low; i != high+1; ++i) {
    ^
    VITIS_LOOP_676_1: 
E:\source\.ITA\FPGA\7.RAD\zc702_workspace\radiation_injector\radiation_injector\hls\.autopilot\db\radiation_injector.pp.0.cpp:2254:5: note: FIX-IT applied suggested code changes
E:\source\.ITA\FPGA\7.RAD\zc702_workspace\radiation_injector\radiation_injector\hls\.autopilot\db\radiation_injector.pp.0.cpp:2268:5: remark: Added loop label VITIS_LOOP_690_1:   [xilinx-label-all-loops]
    for (unsigned i = low; i != high+1; ++i) {
    ^
    VITIS_LOOP_690_1: 
E:\source\.ITA\FPGA\7.RAD\zc702_workspace\radiation_injector\radiation_injector\hls\.autopilot\db\radiation_injector.pp.0.cpp:2268:5: note: FIX-IT applied suggested code changes
E:\source\.ITA\FPGA\7.RAD\zc702_workspace\radiation_injector\radiation_injector\hls\.autopilot\db\radiation_injector.pp.0.cpp:2282:5: remark: Added loop label VITIS_LOOP_704_1:   [xilinx-label-all-loops]
    for (unsigned i = low; i != high+1; ++i) {
    ^
    VITIS_LOOP_704_1: 
E:\source\.ITA\FPGA\7.RAD\zc702_workspace\radiation_injector\radiation_injector\hls\.autopilot\db\radiation_injector.pp.0.cpp:2282:5: note: FIX-IT applied suggested code changes
E:\source\.ITA\FPGA\7.RAD\zc702_workspace\radiation_injector\radiation_injector\hls\.autopilot\db\radiation_injector.pp.0.cpp:5802:7: remark: Added loop label VITIS_LOOP_1251_1:   [xilinx-label-all-loops]
      for (i = 0; i < __N - 1; ++i) {
      ^
      VITIS_LOOP_1251_1: 
E:\source\.ITA\FPGA\7.RAD\zc702_workspace\radiation_injector\radiation_injector\hls\.autopilot\db\radiation_injector.pp.0.cpp:5802:7: note: FIX-IT applied suggested code changes
