

================================================================
== Vitis HLS Report for 'bgn_inference'
================================================================
* Date:           Mon Mar  2 00:04:12 2026

* Version:        2025.2 (Build 6295257 on Nov 14 2025)
* Project:        mnist_mlp_bgn
* Solution:       hls (Vivado IP Flow Target)
* Product family: zynq
* Target device:  xc7z020-clg400-2


================================================================
== Performance Estimates
================================================================
+ Timing: 
    * Summary: 
    +--------+----------+----------+------------+
    |  Clock |  Target  | Estimated| Uncertainty|
    +--------+----------+----------+------------+
    |ap_clk  |  10.00 ns|  7.300 ns|     2.70 ns|
    +--------+----------+----------+------------+

+ Latency: 
    * Summary: 
    +---------+---------+----------+----------+-------+-------+---------+
    |  Latency (cycles) |  Latency (absolute) |    Interval   | Pipeline|
    |   min   |   max   |    min   |    max   |  min  |  max  |   Type  |
    +---------+---------+----------+----------+-------+-------+---------+
    |    22426|    22426|  0.224 ms|  0.224 ms|  22427|  22427|       no|
    +---------+---------+----------+----------+-------+-------+---------+

    + Detail: 
        * Instance: 
        N/A

        * Loop: 
        N/A

============================================================
+ Verbose Summary: Synthesis Manager
============================================================
InlineROM: 1
ExposeGlobal: 0
============================================================
+ Verbose Summary: CDFG Model
============================================================
IsTopModel: 1
ResetActiveHigh: 1
IsCombinational: 0
IsDatapathOnly: 0
HasWiredReturn: 1
HasMFsm: 0
HasVarLatency: 1
IsPipeline: 0
IsRtlPipelined: 0
IsInstanceOverlapped: 0
IsDontTouch: 0
HasImplIP: 0
IsGatedGlobalClock: 0


============================================================
+ Verbose Summary: Schedule
============================================================
* Number of FSM states : 14
* Pipeline : 0
* Dataflow Pipeline: 0

* FSM state transitions: 
1 --> 2 
2 --> 3 
3 --> 4 
4 --> 5 
5 --> 6 
6 --> 7 
7 --> 8 
8 --> 9 
9 --> 10 
10 --> 11 
11 --> 12 
12 --> 13 
13 --> 14 
14 --> 

* FSM state operations: 

State 1 <SV = 0> <Delay = 1.00>
ST_1 : Operation 15 [1/1] (1.00ns)   --->   "%weight_mem_read = read i64 @_ssdm_op_Read.s_axilite.i64, i64 %weight_mem"   --->   Operation 15 'read' 'weight_mem_read' <Predicate = true> <Delay = 1.00> <CoreInst = "s_axilite">   --->   Core 112 's_axilite' <Latency = 0> <II = 1> <Delay = 1.00> <Adapter> <Opcode : 'read' 'write'>
ST_1 : Operation 16 [1/1] (0.00ns)   --->   "%class_idx_11_loc = alloca i64 1"   --->   Operation 16 'alloca' 'class_idx_11_loc' <Predicate = true> <Delay = 0.00>
ST_1 : Operation 17 [1/1] (0.00ns)   --->   "%hidden_out = alloca i64 1" [bgn_inference.cpp:43]   --->   Operation 17 'alloca' 'hidden_out' <Predicate = true> <Delay = 0.00> <CoreInst = "RAM_1P_LUTRAM">   --->   Core 86 'RAM_1P_LUTRAM' <Latency = 1> <II = 1> <Delay = 1.75> <Storage> <Opcode : 'load' 'store'> <Ports = 1> <Width = 7> <Depth = 640> <RAM>
ST_1 : Operation 18 [1/1] (0.00ns)   --->   "%trunc_ln = partselect i62 @_ssdm_op_PartSelect.i62.i64.i32.i32, i64 %weight_mem_read, i32 2, i32 63" [bgn_inference.cpp:48]   --->   Operation 18 'partselect' 'trunc_ln' <Predicate = true> <Delay = 0.00>

State 2 <SV = 1> <Delay = 7.30>
ST_2 : Operation 19 [1/1] (0.00ns)   --->   "%sext_ln48 = sext i62 %trunc_ln" [bgn_inference.cpp:48]   --->   Operation 19 'sext' 'sext_ln48' <Predicate = true> <Delay = 0.00>
ST_2 : Operation 20 [1/1] (0.00ns)   --->   "%gmem0_addr = getelementptr i32 %gmem0, i64 %sext_ln48" [bgn_inference.cpp:48]   --->   Operation 20 'getelementptr' 'gmem0_addr' <Predicate = true> <Delay = 0.00>
ST_2 : Operation 21 [8/8] (7.30ns)   --->   "%empty = readreq i1 @_ssdm_op_ReadReq.m_axi.p1i32, i32 %gmem0_addr, i64 16000" [bgn_inference.cpp:48]   --->   Operation 21 'readreq' 'empty' <Predicate = true> <Delay = 7.30> <CoreInst = "m_axi">   --->   Core 111 'm_axi' <Latency = 6> <II = 1> <Delay = 1.00> <Adapter> <Opcode : 'readrequnaligned' 'writerequnaligned' 'read' 'write' 'readreq' 'writereq' 'writeresp'>

State 3 <SV = 2> <Delay = 0.00>
ST_3 : Operation 22 [7/8] (7.30ns)   --->   "%empty = readreq i1 @_ssdm_op_ReadReq.m_axi.p1i32, i32 %gmem0_addr, i64 16000" [bgn_inference.cpp:48]   --->   Operation 22 'readreq' 'empty' <Predicate = true> <Delay = 7.30> <CoreInst = "m_axi">   --->   Core 111 'm_axi' <Latency = 6> <II = 1> <Delay = 1.00> <Adapter> <Opcode : 'readrequnaligned' 'writerequnaligned' 'read' 'write' 'readreq' 'writereq' 'writeresp'>

State 4 <SV = 3> <Delay = 0.00>
ST_4 : Operation 23 [6/8] (7.30ns)   --->   "%empty = readreq i1 @_ssdm_op_ReadReq.m_axi.p1i32, i32 %gmem0_addr, i64 16000" [bgn_inference.cpp:48]   --->   Operation 23 'readreq' 'empty' <Predicate = true> <Delay = 7.30> <CoreInst = "m_axi">   --->   Core 111 'm_axi' <Latency = 6> <II = 1> <Delay = 1.00> <Adapter> <Opcode : 'readrequnaligned' 'writerequnaligned' 'read' 'write' 'readreq' 'writereq' 'writeresp'>

State 5 <SV = 4> <Delay = 0.00>
ST_5 : Operation 24 [5/8] (7.30ns)   --->   "%empty = readreq i1 @_ssdm_op_ReadReq.m_axi.p1i32, i32 %gmem0_addr, i64 16000" [bgn_inference.cpp:48]   --->   Operation 24 'readreq' 'empty' <Predicate = true> <Delay = 7.30> <CoreInst = "m_axi">   --->   Core 111 'm_axi' <Latency = 6> <II = 1> <Delay = 1.00> <Adapter> <Opcode : 'readrequnaligned' 'writerequnaligned' 'read' 'write' 'readreq' 'writereq' 'writeresp'>

State 6 <SV = 5> <Delay = 0.00>
ST_6 : Operation 25 [4/8] (7.30ns)   --->   "%empty = readreq i1 @_ssdm_op_ReadReq.m_axi.p1i32, i32 %gmem0_addr, i64 16000" [bgn_inference.cpp:48]   --->   Operation 25 'readreq' 'empty' <Predicate = true> <Delay = 7.30> <CoreInst = "m_axi">   --->   Core 111 'm_axi' <Latency = 6> <II = 1> <Delay = 1.00> <Adapter> <Opcode : 'readrequnaligned' 'writerequnaligned' 'read' 'write' 'readreq' 'writereq' 'writeresp'>

State 7 <SV = 6> <Delay = 0.00>
ST_7 : Operation 26 [3/8] (7.30ns)   --->   "%empty = readreq i1 @_ssdm_op_ReadReq.m_axi.p1i32, i32 %gmem0_addr, i64 16000" [bgn_inference.cpp:48]   --->   Operation 26 'readreq' 'empty' <Predicate = true> <Delay = 7.30> <CoreInst = "m_axi">   --->   Core 111 'm_axi' <Latency = 6> <II = 1> <Delay = 1.00> <Adapter> <Opcode : 'readrequnaligned' 'writerequnaligned' 'read' 'write' 'readreq' 'writereq' 'writeresp'>

State 8 <SV = 7> <Delay = 0.00>
ST_8 : Operation 27 [2/8] (7.30ns)   --->   "%empty = readreq i1 @_ssdm_op_ReadReq.m_axi.p1i32, i32 %gmem0_addr, i64 16000" [bgn_inference.cpp:48]   --->   Operation 27 'readreq' 'empty' <Predicate = true> <Delay = 7.30> <CoreInst = "m_axi">   --->   Core 111 'm_axi' <Latency = 6> <II = 1> <Delay = 1.00> <Adapter> <Opcode : 'readrequnaligned' 'writerequnaligned' 'read' 'write' 'readreq' 'writereq' 'writeresp'>

State 9 <SV = 8> <Delay = 7.30>
ST_9 : Operation 28 [1/8] ( I:7.30ns O:7.30ns )   --->   "%empty = readreq i1 @_ssdm_op_ReadReq.m_axi.p1i32, i32 %gmem0_addr, i64 16000" [bgn_inference.cpp:48]   --->   Operation 28 'readreq' 'empty' <Predicate = true> <Delay = 7.30> <CoreInst = "m_axi">   --->   Core 111 'm_axi' <Latency = 6> <II = 1> <Delay = 1.00> <Adapter> <Opcode : 'readrequnaligned' 'writerequnaligned' 'read' 'write' 'readreq' 'writereq' 'writeresp'>

State 10 <SV = 9> <Delay = 0.00>
ST_10 : Operation 29 [2/2] (0.00ns)   --->   "%call_ln48 = call void @bgn_inference_Pipeline_LAYER1_XNOR_POP, i32 %gmem0, i62 %trunc_ln, i32 %input_img, i7 %hidden_out, i5 %bn_scale, i13 %bn_offset" [bgn_inference.cpp:48]   --->   Operation 29 'call' 'call_ln48' <Predicate = true> <Delay = 0.00> <CoreType = "Generic">   --->   Generic Core

State 11 <SV = 10> <Delay = 0.00>
ST_11 : Operation 30 [1/2] (0.00ns)   --->   "%call_ln48 = call void @bgn_inference_Pipeline_LAYER1_XNOR_POP, i32 %gmem0, i62 %trunc_ln, i32 %input_img, i7 %hidden_out, i5 %bn_scale, i13 %bn_offset" [bgn_inference.cpp:48]   --->   Operation 30 'call' 'call_ln48' <Predicate = true> <Delay = 0.00> <CoreType = "Generic">   --->   Generic Core

State 12 <SV = 11> <Delay = 0.00>
ST_12 : Operation 31 [2/2] (0.00ns)   --->   "%call_ln0 = call void @bgn_inference_Pipeline_LAYER2_MAC, i7 %hidden_out, i32 %class_idx_11_loc, i6 %weights_l2, i4 %bias_l2"   --->   Operation 31 'call' 'call_ln0' <Predicate = true> <Delay = 0.00> <CoreType = "Generic">   --->   Generic Core

State 13 <SV = 12> <Delay = 0.00>
ST_13 : Operation 32 [1/2] (0.00ns)   --->   "%call_ln0 = call void @bgn_inference_Pipeline_LAYER2_MAC, i7 %hidden_out, i32 %class_idx_11_loc, i6 %weights_l2, i4 %bias_l2"   --->   Operation 32 'call' 'call_ln0' <Predicate = true> <Delay = 0.00> <CoreType = "Generic">   --->   Generic Core

State 14 <SV = 13> <Delay = 1.00>
ST_14 : Operation 33 [1/1] (0.00ns)   --->   "%spectopmodule_ln20 = spectopmodule void @_ssdm_op_SpecTopModule, void @empty_11" [bgn_inference.cpp:20]   --->   Operation 33 'spectopmodule' 'spectopmodule_ln20' <Predicate = true> <Delay = 0.00>
ST_14 : Operation 34 [1/1] (0.00ns)   --->   "%specinterface_ln0 = specinterface void @_ssdm_op_SpecInterface, i32 %gmem0, void @empty, i32 0, i32 0, void @empty_0, i32 0, i32 16384, void @empty_1, void @empty_2, void @empty_0, i32 16, i32 16, i32 16, i32 16, void @empty_0, void @empty_0, i32 4294967295, i32 0, i32 0, i32 4"   --->   Operation 34 'specinterface' 'specinterface_ln0' <Predicate = true> <Delay = 0.00>
ST_14 : Operation 35 [1/1] (0.00ns)   --->   "%specbitsmap_ln0 = specbitsmap void @_ssdm_op_SpecBitsMap, i32 %gmem0"   --->   Operation 35 'specbitsmap' 'specbitsmap_ln0' <Predicate = true> <Delay = 0.00>
ST_14 : Operation 36 [1/1] (0.00ns)   --->   "%specinterface_ln0 = specinterface void @_ssdm_op_SpecInterface, i32 %input_img, void @empty_3, i32 0, i32 0, void @empty_0, i32 0, i32 0, void @empty_4, void @empty_5, void @empty_0, i32 0, i32 0, i32 0, i32 0, void @empty_0, void @empty_0, i32 4294967295, i32 0, i32 0, i32 0"   --->   Operation 36 'specinterface' 'specinterface_ln0' <Predicate = true> <Delay = 0.00>
ST_14 : Operation 37 [1/1] (0.00ns)   --->   "%specinterface_ln0 = specinterface void @_ssdm_op_SpecInterface, i32 %input_img, void @empty_6, i32 0, i32 0, void @empty_0, i32 1, i32 0, void @empty_0, void @empty_0, void @empty_0, i32 0, i32 0, i32 0, i32 0, void @empty_0, void @empty_0, i32 4294967295, i32 0, i32 0, i32 0"   --->   Operation 37 'specinterface' 'specinterface_ln0' <Predicate = true> <Delay = 0.00>
ST_14 : Operation 38 [1/1] (0.00ns)   --->   "%specmemcore_ln0 = specmemcore void @_ssdm_op_SpecMemCore, i32 %input_img, i64 666, i64 207, i64 1, i1 0"   --->   Operation 38 'specmemcore' 'specmemcore_ln0' <Predicate = true> <Delay = 0.00>
ST_14 : Operation 39 [1/1] (0.00ns)   --->   "%specbitsmap_ln0 = specbitsmap void @_ssdm_op_SpecBitsMap, i32 %input_img"   --->   Operation 39 'specbitsmap' 'specbitsmap_ln0' <Predicate = true> <Delay = 0.00>
ST_14 : Operation 40 [1/1] (0.00ns)   --->   "%specinterface_ln0 = specinterface void @_ssdm_op_SpecInterface, i64 %weight_mem, void @empty_3, i32 4294967295, i32 4294967295, void @empty_0, i32 0, i32 0, void @empty_4, void @empty_7, void @empty_0, i32 0, i32 0, i32 0, i32 0, void @empty_0, void @empty_8, i32 4294967295, i32 0, i32 0, i32 0"   --->   Operation 40 'specinterface' 'specinterface_ln0' <Predicate = true> <Delay = 0.00>
ST_14 : Operation 41 [1/1] (0.00ns)   --->   "%specinterface_ln0 = specinterface void @_ssdm_op_SpecInterface, i64 %weight_mem, void @empty_9, i32 0, i32 0, void @empty_0, i32 0, i32 0, void @empty_0, void @empty_0, void @empty_0, i32 0, i32 0, i32 0, i32 0, void @empty_0, void @empty_8, i32 4294967295, i32 0, i32 0, i32 0"   --->   Operation 41 'specinterface' 'specinterface_ln0' <Predicate = true> <Delay = 0.00>
ST_14 : Operation 42 [1/1] (0.00ns)   --->   "%specbitsmap_ln0 = specbitsmap void @_ssdm_op_SpecBitsMap, i32 %prediction"   --->   Operation 42 'specbitsmap' 'specbitsmap_ln0' <Predicate = true> <Delay = 0.00>
ST_14 : Operation 43 [1/1] (0.00ns)   --->   "%specinterface_ln0 = specinterface void @_ssdm_op_SpecInterface, i32 %prediction, void @empty_3, i32 4294967295, i32 4294967295, void @empty_0, i32 0, i32 0, void @empty_4, void @empty_10, void @empty_0, i32 0, i32 0, i32 0, i32 0, void @empty_0, void @empty_0, i32 4294967295, i32 0, i32 0, i32 0"   --->   Operation 43 'specinterface' 'specinterface_ln0' <Predicate = true> <Delay = 0.00>
ST_14 : Operation 44 [1/1] (0.00ns)   --->   "%specinterface_ln0 = specinterface void @_ssdm_op_SpecInterface, i32 %prediction, void @empty_9, i32 0, i32 0, void @empty_0, i32 0, i32 0, void @empty_0, void @empty_0, void @empty_0, i32 0, i32 0, i32 0, i32 0, void @empty_0, void @empty_0, i32 4294967295, i32 0, i32 0, i32 0"   --->   Operation 44 'specinterface' 'specinterface_ln0' <Predicate = true> <Delay = 0.00>
ST_14 : Operation 45 [1/1] (0.00ns)   --->   "%specinterface_ln0 = specinterface void @_ssdm_op_SpecInterface, i32 0, void @empty_3, i32 0, i32 0, void @empty_0, i32 0, i32 0, void @empty_4, void @empty_0, void @empty_0, i32 0, i32 0, i32 0, i32 0, void @empty_0, void @empty_0, i32 0, i32 0, i32 0, i32 0"   --->   Operation 45 'specinterface' 'specinterface_ln0' <Predicate = true> <Delay = 0.00>
ST_14 : Operation 46 [1/1] (0.00ns)   --->   "%specmemcore_ln38 = specmemcore void @_ssdm_op_SpecMemCore, i5 %bn_scale, i64 666, i64 33, i64 18446744073709551615, i1 0" [bgn_inference.cpp:38]   --->   Operation 46 'specmemcore' 'specmemcore_ln38' <Predicate = true> <Delay = 0.00>
ST_14 : Operation 47 [1/1] (0.00ns)   --->   "%specmemcore_ln39 = specmemcore void @_ssdm_op_SpecMemCore, i13 %bn_offset, i64 666, i64 33, i64 18446744073709551615, i1 0" [bgn_inference.cpp:39]   --->   Operation 47 'specmemcore' 'specmemcore_ln39' <Predicate = true> <Delay = 0.00>
ST_14 : Operation 48 [1/1] (0.00ns)   --->   "%specmemcore_ln40 = specmemcore void @_ssdm_op_SpecMemCore, i6 %weights_l2, i64 666, i64 33, i64 18446744073709551615, i1 0" [bgn_inference.cpp:40]   --->   Operation 48 'specmemcore' 'specmemcore_ln40' <Predicate = true> <Delay = 0.00>
ST_14 : Operation 49 [1/1] (0.00ns)   --->   "%specmemcore_ln41 = specmemcore void @_ssdm_op_SpecMemCore, i4 %bias_l2, i64 666, i64 33, i64 18446744073709551615, i1 0" [bgn_inference.cpp:41]   --->   Operation 49 'specmemcore' 'specmemcore_ln41' <Predicate = true> <Delay = 0.00>
ST_14 : Operation 50 [1/1] (0.00ns)   --->   "%specmemcore_ln44 = specmemcore void @_ssdm_op_SpecMemCore, i7 %hidden_out, i64 666, i64 19, i64 18446744073709551615, i1 0" [bgn_inference.cpp:44]   --->   Operation 50 'specmemcore' 'specmemcore_ln44' <Predicate = true> <Delay = 0.00>
ST_14 : Operation 51 [1/1] (0.00ns)   --->   "%class_idx_11_loc_load = load i32 %class_idx_11_loc"   --->   Operation 51 'load' 'class_idx_11_loc_load' <Predicate = true> <Delay = 0.00>
ST_14 : Operation 52 [1/1] (1.00ns)   --->   "%write_ln99 = write void @_ssdm_op_Write.s_axilite.i32P0A, i32 %prediction, i32 %class_idx_11_loc_load" [bgn_inference.cpp:99]   --->   Operation 52 'write' 'write_ln99' <Predicate = true> <Delay = 1.00> <CoreInst = "s_axilite">   --->   Core 112 's_axilite' <Latency = 0> <II = 1> <Delay = 1.00> <Adapter> <Opcode : 'read' 'write'>
ST_14 : Operation 53 [1/1] (0.00ns)   --->   "%ret_ln100 = ret" [bgn_inference.cpp:100]   --->   Operation 53 'ret' 'ret_ln100' <Predicate = true> <Delay = 0.00>


============================================================
+ Verbose Summary: Timing violations
============================================================
Target clock period: 10.000ns, clock uncertainty: 2.700ns.

 <State 1>: 1.000ns
The critical path consists of the following:
	s_axi read operation ('weight_mem_read') on port 'weight_mem' [9]  (1.000 ns)

 <State 2>: 7.300ns
The critical path consists of the following:
	'getelementptr' operation 32 bit ('gmem0_addr', bgn_inference.cpp:48) [32]  (0.000 ns)
	bus request operation ('empty', bgn_inference.cpp:48) on port 'gmem0' (bgn_inference.cpp:48) [33]  (0.000 ns)
	blocking operation 7.3 ns on control path)

 <State 3>: 0.000ns
The critical path consists of the following:

 <State 4>: 0.000ns
The critical path consists of the following:

 <State 5>: 0.000ns
The critical path consists of the following:

 <State 6>: 0.000ns
The critical path consists of the following:

 <State 7>: 0.000ns
The critical path consists of the following:

 <State 8>: 0.000ns
The critical path consists of the following:

 <State 9>: 7.300ns
The critical path consists of the following:
	bus request operation ('empty', bgn_inference.cpp:48) on port 'gmem0' (bgn_inference.cpp:48) [33]  (7.300 ns)

 <State 10>: 0.000ns
The critical path consists of the following:

 <State 11>: 0.000ns
The critical path consists of the following:

 <State 12>: 0.000ns
The critical path consists of the following:

 <State 13>: 0.000ns
The critical path consists of the following:

 <State 14>: 1.000ns
The critical path consists of the following:
	'load' operation 32 bit ('class_idx_11_loc_load') on local variable 'class_idx_11_loc' [36]  (0.000 ns)
	s_axi write operation ('write_ln99', bgn_inference.cpp:99) on port 'prediction' (bgn_inference.cpp:99) [37]  (1.000 ns)


============================================================
+ Verbose Summary: Binding
============================================================
N/A
* FSMD analyzer results:
  - Output states:
 - Input state : 
  - Chain level:
	State 1
	State 2
	State 3
	State 4
	State 5
	State 6
	State 7
	State 8
	State 9
	State 10
	State 11
	State 12
	State 13
	State 14


============================================================
+ Verbose Summary: Datapath Resource usage 
============================================================
N/A
