bgn_inference.cpp:11:1: warning: HLS pragma dump _XLX_SEP_ PragmaIsValid=1_XLX_SEP_ PragmaType=inline_XLX_SEP_ PragmaContext=hls_XLX_SEP_ PragmaFunction=hls_popcount_XLX_SEP_ PragmaOptions=_XLX_SEP_ [-Wdump-hls-pragmas]
#pragma HLS INLINE
^
bgn_inference.cpp:14:1: warning: HLS pragma dump _XLX_SEP_ PragmaIsValid=1_XLX_SEP_ PragmaType=unroll_XLX_SEP_ PragmaContext=hls_XLX_SEP_ PragmaFunction=hls_popcount_XLX_SEP_ PragmaOptions=_XLX_SEP_ [-Wdump-hls-pragmas]
#pragma HLS UNROLL
^
directive:1:1: warning: HLS pragma dump _XLX_SEP_ PragmaIsValid=1_XLX_SEP_ PragmaType=top_XLX_SEP_ PragmaContext=directive_XLX_SEP_ PragmaFunction=bgn_inference_XLX_SEP_ PragmaOptions=name=bgn_inference_XLX_SEP_ [-Wdump-hls-pragmas]
#pragma HLSDIRECTIVE TOP name=bgn_inference
^
bgn_inference.cpp:29:1: warning: HLS pragma dump _XLX_SEP_ PragmaIsValid=1_XLX_SEP_ PragmaType=interface_XLX_SEP_ PragmaContext=hls_XLX_SEP_ PragmaFunction=bgn_inference_XLX_SEP_ PragmaOptions=s_axilite port=input_img bundle=CTRL_XLX_SEP_ [-Wdump-hls-pragmas]
#pragma HLS INTERFACE s_axilite port=input_img bundle=CTRL
^
bgn_inference.cpp:30:1: warning: HLS pragma dump _XLX_SEP_ PragmaIsValid=1_XLX_SEP_ PragmaType=interface_XLX_SEP_ PragmaContext=hls_XLX_SEP_ PragmaFunction=bgn_inference_XLX_SEP_ PragmaOptions=s_axilite port=prediction bundle=CTRL_XLX_SEP_ [-Wdump-hls-pragmas]
#pragma HLS INTERFACE s_axilite port=prediction bundle=CTRL
^
bgn_inference.cpp:31:1: warning: HLS pragma dump _XLX_SEP_ PragmaIsValid=1_XLX_SEP_ PragmaType=interface_XLX_SEP_ PragmaContext=hls_XLX_SEP_ PragmaFunction=bgn_inference_XLX_SEP_ PragmaOptions=s_axilite port=mode bundle=CTRL_XLX_SEP_ [-Wdump-hls-pragmas]
#pragma HLS INTERFACE s_axilite port=mode bundle=CTRL
^
bgn_inference.cpp:32:1: warning: HLS pragma dump _XLX_SEP_ PragmaIsValid=1_XLX_SEP_ PragmaType=interface_XLX_SEP_ PragmaContext=hls_XLX_SEP_ PragmaFunction=bgn_inference_XLX_SEP_ PragmaOptions=s_axilite port=wr_addr bundle=CTRL_XLX_SEP_ [-Wdump-hls-pragmas]
#pragma HLS INTERFACE s_axilite port=wr_addr bundle=CTRL
^
bgn_inference.cpp:33:1: warning: HLS pragma dump _XLX_SEP_ PragmaIsValid=1_XLX_SEP_ PragmaType=interface_XLX_SEP_ PragmaContext=hls_XLX_SEP_ PragmaFunction=bgn_inference_XLX_SEP_ PragmaOptions=s_axilite port=wr_data bundle=CTRL_XLX_SEP_ [-Wdump-hls-pragmas]
#pragma HLS INTERFACE s_axilite port=wr_data bundle=CTRL
^
bgn_inference.cpp:34:1: warning: HLS pragma dump _XLX_SEP_ PragmaIsValid=1_XLX_SEP_ PragmaType=interface_XLX_SEP_ PragmaContext=hls_XLX_SEP_ PragmaFunction=bgn_inference_XLX_SEP_ PragmaOptions=s_axilite port=return bundle=CTRL_XLX_SEP_ [-Wdump-hls-pragmas]
#pragma HLS INTERFACE s_axilite port=return bundle=CTRL
^
bgn_inference.cpp:36:1: warning: HLS pragma dump _XLX_SEP_ PragmaIsValid=1_XLX_SEP_ PragmaType=interface_XLX_SEP_ PragmaContext=hls_XLX_SEP_ PragmaFunction=bgn_inference_XLX_SEP_ PragmaOptions=bram port=weight_mem_XLX_SEP_ [-Wdump-hls-pragmas]
#pragma HLS INTERFACE bram port=weight_mem
^
bgn_inference.cpp:38:1: warning: HLS pragma dump _XLX_SEP_ PragmaIsValid=1_XLX_SEP_ PragmaType=bind_storage_XLX_SEP_ PragmaContext=hls_XLX_SEP_ PragmaFunction=bgn_inference_XLX_SEP_ PragmaOptions=variable=weight_mem type=ram_2p impl=bram_XLX_SEP_ [-Wdump-hls-pragmas]
#pragma HLS BIND_STORAGE variable=weight_mem type=ram_2p impl=bram
^
bgn_inference.cpp:41:1: warning: HLS pragma dump _XLX_SEP_ PragmaIsValid=1_XLX_SEP_ PragmaType=pipeline_XLX_SEP_ PragmaContext=hls_XLX_SEP_ PragmaFunction=bgn_inference_XLX_SEP_ PragmaOptions=II=1_XLX_SEP_ [-Wdump-hls-pragmas]
#pragma HLS PIPELINE II=1
^
bgn_inference.cpp:48:1: warning: HLS pragma dump _XLX_SEP_ PragmaIsValid=1_XLX_SEP_ PragmaType=bind_storage_XLX_SEP_ PragmaContext=hls_XLX_SEP_ PragmaFunction=bgn_inference_XLX_SEP_ PragmaOptions=variable=bn_scale type=rom_1p impl=bram_XLX_SEP_ [-Wdump-hls-pragmas]
#pragma HLS BIND_STORAGE variable=bn_scale type=rom_1p impl=bram
^
bgn_inference.cpp:49:1: warning: HLS pragma dump _XLX_SEP_ PragmaIsValid=1_XLX_SEP_ PragmaType=bind_storage_XLX_SEP_ PragmaContext=hls_XLX_SEP_ PragmaFunction=bgn_inference_XLX_SEP_ PragmaOptions=variable=bn_offset type=rom_1p impl=bram_XLX_SEP_ [-Wdump-hls-pragmas]
#pragma HLS BIND_STORAGE variable=bn_offset type=rom_1p impl=bram
^
bgn_inference.cpp:50:1: warning: HLS pragma dump _XLX_SEP_ PragmaIsValid=1_XLX_SEP_ PragmaType=bind_storage_XLX_SEP_ PragmaContext=hls_XLX_SEP_ PragmaFunction=bgn_inference_XLX_SEP_ PragmaOptions=variable=weights_l2 type=rom_1p impl=bram_XLX_SEP_ [-Wdump-hls-pragmas]
#pragma HLS BIND_STORAGE variable=weights_l2 type=rom_1p impl=bram
^
bgn_inference.cpp:51:1: warning: HLS pragma dump _XLX_SEP_ PragmaIsValid=1_XLX_SEP_ PragmaType=bind_storage_XLX_SEP_ PragmaContext=hls_XLX_SEP_ PragmaFunction=bgn_inference_XLX_SEP_ PragmaOptions=variable=bias_l2 type=rom_1p impl=bram_XLX_SEP_ [-Wdump-hls-pragmas]
#pragma HLS BIND_STORAGE variable=bias_l2 type=rom_1p impl=bram
^
bgn_inference.cpp:54:1: warning: HLS pragma dump _XLX_SEP_ PragmaIsValid=1_XLX_SEP_ PragmaType=bind_storage_XLX_SEP_ PragmaContext=hls_XLX_SEP_ PragmaFunction=bgn_inference_XLX_SEP_ PragmaOptions=variable=hidden_out type=ram_1p impl=lutram_XLX_SEP_ [-Wdump-hls-pragmas]
#pragma HLS BIND_STORAGE variable=hidden_out type=ram_1p impl=lutram
^
bgn_inference.cpp:63:1: warning: HLS pragma dump _XLX_SEP_ PragmaIsValid=1_XLX_SEP_ PragmaType=pipeline_XLX_SEP_ PragmaContext=hls_XLX_SEP_ PragmaFunction=bgn_inference_XLX_SEP_ PragmaOptions=II=1_XLX_SEP_ [-Wdump-hls-pragmas]
#pragma HLS PIPELINE II=1
^
bgn_inference.cpp:94:1: warning: HLS pragma dump _XLX_SEP_ PragmaIsValid=1_XLX_SEP_ PragmaType=pipeline_XLX_SEP_ PragmaContext=hls_XLX_SEP_ PragmaFunction=bgn_inference_XLX_SEP_ PragmaOptions=II=1_XLX_SEP_ [-Wdump-hls-pragmas]
#pragma HLS PIPELINE II=1
^
bgn_inference.cpp:41:1: warning: pipeline pragma is ignored, because it can be only applied inside loop body or function body  [-Winvalid-hls-pragmas]
#pragma HLS PIPELINE II=1
^
20 warnings generated.
