  **** HLS Build v2025.2 6295257
INFO: [HLS 200-2005] Using work_dir E:/source/.ITA/FPGA/7.RAD/zc702_workspace/radiation_injector/radiation_injector 
INFO: [HLS 200-2176] Writing Vitis IDE component file E:/source/.ITA/FPGA/7.RAD/zc702_workspace/radiation_injector/radiation_injector/vitis-comp.json
INFO: [HLS 200-10] Creating and opening component 'E:/source/.ITA/FPGA/7.RAD/zc702_workspace/radiation_injector/radiation_injector'.
INFO: [HLS 200-1611] Setting target device to 'xc7z020-clg400-2'
INFO: [HLS 200-1505] Using default flow_target 'vivado'
Resolution: For help on HLS 200-1505 see docs.amd.com/access/sources/dita/topic?Doc_Version=2025.2%20English&url=ug1448-hls-guidance&resourceid=200-1505.html
INFO: [HLS 200-2174] Applying component config ini file hls_config.cfg
INFO: [HLS 200-1465] Applying config ini 'syn.file=radiation_injector.cpp' from hls_config.cfg(7)
INFO: [HLS 200-10] Adding design file 'E:/source/.ITA/FPGA/7.RAD/zc702_workspace/radiation_injector/radiation_injector.cpp' to the project
INFO: [HLS 200-1465] Applying config ini 'tb.file=test_bench.cpp' from hls_config.cfg(8)
INFO: [HLS 200-10] Adding test bench file 'E:/source/.ITA/FPGA/7.RAD/zc702_workspace/radiation_injector/test_bench.cpp' to the project
INFO: [HLS 200-1465] Applying config ini 'syn.top=radiation_injector' from hls_config.cfg(9)
INFO: [HLS 200-1465] Applying config ini 'flow_target=vivado' from hls_config.cfg(4)
INFO: [HLS 200-1505] Using flow_target 'vivado'
Resolution: For help on HLS 200-1505 see docs.amd.com/access/sources/dita/topic?Doc_Version=2025.2%20English&url=ug1448-hls-guidance&resourceid=200-1505.html
INFO: [HLS 200-1465] Applying config ini 'part=xc7z020clg400-2' from hls_config.cfg(1)
INFO: [HLS 200-1465] Applying config ini 'package.output.format=ip_catalog' from hls_config.cfg(5)
INFO: [HLS 200-2176] Writing Vitis IDE component file E:/source/.ITA/FPGA/7.RAD/zc702_workspace/radiation_injector/radiation_injector/vitis-comp.json
INFO: [COSIM 212-47] Using XSIM for RTL simulation.
INFO: [COSIM 212-14] Instrumenting C test bench ...
   Build using "D:/AMDDesignTools/2025.2/Vitis/win64/tools/clang-16/bin/clang++"
   Compiling apatb_radiation_injector.cpp
   Compiling radiation_injector.cpp_pre.cpp.tb.cpp
   Compiling test_bench.cpp_pre.cpp.tb.cpp
   Compiling apatb_radiation_injector_ir.ll
   Generating cosim.tv.exe
INFO: [COSIM 212-302] Starting C TB testing ... 
--- SELENITA MISSION: RADIATION INJECTOR HLS TESTBENCH ---
Starting Simulation with intensity: 1000
ERROR: System received a signal named SIGSEGV and the program has to stop immediately!
This signal was generated when a program tries to read or write outside the memory that is allocated for it, or to write memory that can only be read.
Possible cause of this problem may be:
  1) Missing depth information for one or more pointers to arrays in the interface;
  2) Insufficient depth setting for array argument(s);
  3) Excessive depth setting for array argument(s), that exceeds the maximum virtual memory size for the process;
  4) Null pointer etc.
Current execution stopped during CodeState = DUMP_OUTPUTS.
You can search CodeState variable name in apatb*.cpp file under ./sim/wrapc dir to locate the position.

ERROR: [COSIM 212-360] Aborting co-simulation: C TB simulation failed.
ERROR: [COSIM 212-320] C TB testing failed, stop generating test vectors. Please check C TB or re-run cosim.
ERROR: [COSIM 212-5] *** C/RTL co-simulation file generation failed. ***
ERROR: [COSIM 212-4] *** C/RTL co-simulation finished: FAIL ***
ERROR: 
INFO: [HLS 200-112] Total CPU user time: 1 seconds. Total CPU system time: 1 seconds. Total elapsed time: 3.618 seconds; peak allocated memory: 199.129 MB.
