  **** HLS Build v2025.2 6295257
INFO: [HLS 200-2005] Using work_dir E:/source/.ITA/FPGA/7.RAD/zc702_workspace/radiation_injector/radiation_injector 
INFO: [HLS 200-2176] Writing Vitis IDE component file E:/source/.ITA/FPGA/7.RAD/zc702_workspace/radiation_injector/radiation_injector/vitis-comp.json
INFO: [HLS 200-10] Creating and opening component 'E:/source/.ITA/FPGA/7.RAD/zc702_workspace/radiation_injector/radiation_injector'.
INFO: [HLS 200-1505] Using default flow_target 'vivado'
Resolution: For help on HLS 200-1505 see docs.amd.com/access/sources/dita/topic?Doc_Version=2025.2%20English&url=ug1448-hls-guidance&resourceid=200-1505.html
INFO: [HLS 200-2174] Applying component config ini file hls_config.cfg
INFO: [HLS 200-1465] Applying config ini 'syn.file=radiation_injector.cpp' from hls_config.cfg(7)
INFO: [HLS 200-10] Adding design file 'E:/source/.ITA/FPGA/7.RAD/zc702_workspace/radiation_injector/radiation_injector.cpp' to the project
INFO: [HLS 200-1465] Applying config ini 'tb.file=test_bench.cpp' from hls_config.cfg(8)
INFO: [HLS 200-10] Adding test bench file 'E:/source/.ITA/FPGA/7.RAD/zc702_workspace/radiation_injector/test_bench.cpp' to the project
INFO: [HLS 200-1465] Applying config ini 'syn.top=radiation_injector' from hls_config.cfg(9)
INFO: [HLS 200-1465] Applying config ini 'flow_target=vivado' from hls_config.cfg(4)
INFO: [HLS 200-1505] Using flow_target 'vivado'
Resolution: For help on HLS 200-1505 see docs.amd.com/access/sources/dita/topic?Doc_Version=2025.2%20English&url=ug1448-hls-guidance&resourceid=200-1505.html
INFO: [HLS 200-1465] Applying config ini 'part=xc7z020clg400-2' from hls_config.cfg(1)
INFO: [HLS 200-1611] Setting target device to 'xc7z020-clg400-2'
INFO: [HLS 200-1465] Applying config ini 'package.output.format=ip_catalog' from hls_config.cfg(5)
INFO: [HLS 200-2176] Writing Vitis IDE component file E:/source/.ITA/FPGA/7.RAD/zc702_workspace/radiation_injector/radiation_injector/vitis-comp.json
INFO: [HLS 200-111] Finished File checks and directory preparation: CPU user time: 1 seconds. CPU system time: 1 seconds. Elapsed time: 1.664 seconds; current allocated memory: 134.133 MB.
INFO: [HLS 200-2191] C-Synthesis will use clang-16 as the compiler
INFO: [HLS 200-10] Analyzing design file 'radiation_injector.cpp' ... 
INFO: [HLS 200-111] Finished Source Code Analysis and Preprocessing: CPU user time: 0 seconds. CPU system time: 0 seconds. Elapsed time: 4.298 seconds; current allocated memory: 136.684 MB.
INFO: [HLS 200-777] Using interface defaults for 'Vivado' flow target.
INFO: [HLS 200-1995] There were 961 instructions in the design after the 'Compile/Link' phase of compilation. See the Design Size Report for more details (E:/source/.ITA/FPGA/7.RAD/zc702_workspace/radiation_injector/radiation_injector/hls/syn/report/csynth_design_size.rpt:2)
INFO: [HLS 200-1995] There were 53 instructions in the design after the 'Unroll/Inline (step 1)' phase of compilation. See the Design Size Report for more details (E:/source/.ITA/FPGA/7.RAD/zc702_workspace/radiation_injector/radiation_injector/hls/syn/report/csynth_design_size.rpt:2)
INFO: [HLS 200-1995] There were 40 instructions in the design after the 'Unroll/Inline (step 2)' phase of compilation. See the Design Size Report for more details (E:/source/.ITA/FPGA/7.RAD/zc702_workspace/radiation_injector/radiation_injector/hls/syn/report/csynth_design_size.rpt:2)
INFO: [HLS 200-1995] There were 40 instructions in the design after the 'Unroll/Inline (step 3)' phase of compilation. See the Design Size Report for more details (E:/source/.ITA/FPGA/7.RAD/zc702_workspace/radiation_injector/radiation_injector/hls/syn/report/csynth_design_size.rpt:2)
INFO: [HLS 200-1995] There were 40 instructions in the design after the 'Unroll/Inline (step 4)' phase of compilation. See the Design Size Report for more details (E:/source/.ITA/FPGA/7.RAD/zc702_workspace/radiation_injector/radiation_injector/hls/syn/report/csynth_design_size.rpt:2)
INFO: [HLS 200-1995] There were 41 instructions in the design after the 'Array/Struct (step 1)' phase of compilation. See the Design Size Report for more details (E:/source/.ITA/FPGA/7.RAD/zc702_workspace/radiation_injector/radiation_injector/hls/syn/report/csynth_design_size.rpt:2)
INFO: [HLS 200-1995] There were 41 instructions in the design after the 'Array/Struct (step 2)' phase of compilation. See the Design Size Report for more details (E:/source/.ITA/FPGA/7.RAD/zc702_workspace/radiation_injector/radiation_injector/hls/syn/report/csynth_design_size.rpt:2)
INFO: [HLS 200-1995] There were 41 instructions in the design after the 'Array/Struct (step 3)' phase of compilation. See the Design Size Report for more details (E:/source/.ITA/FPGA/7.RAD/zc702_workspace/radiation_injector/radiation_injector/hls/syn/report/csynth_design_size.rpt:2)
INFO: [HLS 200-1995] There were 41 instructions in the design after the 'Array/Struct (step 4)' phase of compilation. See the Design Size Report for more details (E:/source/.ITA/FPGA/7.RAD/zc702_workspace/radiation_injector/radiation_injector/hls/syn/report/csynth_design_size.rpt:2)
INFO: [HLS 200-1995] There were 41 instructions in the design after the 'Array/Struct (step 5)' phase of compilation. See the Design Size Report for more details (E:/source/.ITA/FPGA/7.RAD/zc702_workspace/radiation_injector/radiation_injector/hls/syn/report/csynth_design_size.rpt:2)
INFO: [HLS 200-1995] There were 41 instructions in the design after the 'Performance (step 1)' phase of compilation. See the Design Size Report for more details (E:/source/.ITA/FPGA/7.RAD/zc702_workspace/radiation_injector/radiation_injector/hls/syn/report/csynth_design_size.rpt:2)
INFO: [HLS 200-1995] There were 41 instructions in the design after the 'Performance (step 2)' phase of compilation. See the Design Size Report for more details (E:/source/.ITA/FPGA/7.RAD/zc702_workspace/radiation_injector/radiation_injector/hls/syn/report/csynth_design_size.rpt:2)
INFO: [HLS 200-1995] There were 41 instructions in the design after the 'Performance (step 3)' phase of compilation. See the Design Size Report for more details (E:/source/.ITA/FPGA/7.RAD/zc702_workspace/radiation_injector/radiation_injector/hls/syn/report/csynth_design_size.rpt:2)
INFO: [HLS 200-1995] There were 41 instructions in the design after the 'Performance (step 4)' phase of compilation. See the Design Size Report for more details (E:/source/.ITA/FPGA/7.RAD/zc702_workspace/radiation_injector/radiation_injector/hls/syn/report/csynth_design_size.rpt:2)
INFO: [HLS 200-1995] There were 43 instructions in the design after the 'HW Transforms (step 1)' phase of compilation. See the Design Size Report for more details (E:/source/.ITA/FPGA/7.RAD/zc702_workspace/radiation_injector/radiation_injector/hls/syn/report/csynth_design_size.rpt:2)
INFO: [HLS 200-1995] There were 45 instructions in the design after the 'HW Transforms (step 2)' phase of compilation. See the Design Size Report for more details (E:/source/.ITA/FPGA/7.RAD/zc702_workspace/radiation_injector/radiation_injector/hls/syn/report/csynth_design_size.rpt:2)
WARNING: [HLS 214-340] The resource pragma (bind_storage) on top-level function argument, in 'call' is unsupported, please use INTERFACE pragma instead (radiation_injector.cpp:13:1)
INFO: [HLS 200-111] Finished Compiling Optimization and Transform: CPU user time: 0 seconds. CPU system time: 0 seconds. Elapsed time: 8.222 seconds; current allocated memory: 138.191 MB.
INFO: [HLS 200-111] Finished Checking Pragmas: CPU user time: 0 seconds. CPU system time: 0 seconds. Elapsed time: 0.001 seconds; current allocated memory: 138.191 MB.
INFO: [HLS 200-10] Starting code transformations ...
INFO: [HLS 200-111] Finished Standard Transforms: CPU user time: 0 seconds. CPU system time: 0 seconds. Elapsed time: 0.019 seconds; current allocated memory: 142.488 MB.
INFO: [HLS 200-10] Checking synthesizability ...
INFO: [HLS 200-111] Finished Checking Synthesizability: CPU user time: 0 seconds. CPU system time: 0 seconds. Elapsed time: 0.013 seconds; current allocated memory: 144.031 MB.
INFO: [XFORM 203-401] Performing if-conversion on hyperblock from (radiation_injector.cpp:25:19) to (radiation_injector.cpp:44:9) in function 'radiation_injector'... converting 3 basic blocks.
INFO: [HLS 200-111] Finished Loop, function and other optimizations: CPU user time: 0 seconds. CPU system time: 0 seconds. Elapsed time: 0.037 seconds; current allocated memory: 164.875 MB.
INFO: [HLS 200-111] Finished Architecture Synthesis: CPU user time: 0 seconds. CPU system time: 0 seconds. Elapsed time: 0.034 seconds; current allocated memory: 164.926 MB.
INFO: [HLS 200-10] Starting hardware synthesis ...
INFO: [HLS 200-10] Synthesizing 'radiation_injector' ...
INFO: [SYN 201-201] Setting up clock 'default' with a period of 10ns.
INFO: [HLS 200-10] ----------------------------------------------------------------
INFO: [HLS 200-42] -- Implementing module 'radiation_injector' 
INFO: [HLS 200-10] ----------------------------------------------------------------
INFO: [SCHED 204-11] Starting scheduling ...
INFO: [SCHED 204-61] Pipelining function 'radiation_injector'.
INFO: [HLS 200-2199] The II Violation in module 'radiation_injector' (function 'radiation_injector'): Potential resource conflict between 'load' operation 32 bit ('current', radiation_injector.cpp:49) on array 'weight_mem' and 'store' operation ('weight_mem_addr_write_ln52', radiation_injector.cpp:52) of variable 'flipped', radiation_injector.cpp:50 32 bit on array 'weight_mem' on common resource 'weight_mem'.
INFO: [HLS 200-2198] Existing conflicting constraints include from 'load' operation 32 bit ('current', radiation_injector.cpp:49) on array 'weight_mem' to 'store' operation ('weight_mem_addr_write_ln52', radiation_injector.cpp:52) of variable 'flipped', radiation_injector.cpp:50 32 bit on array 'weight_mem' with distance of 1 (conflict 1 of 1)
INFO: [HLS 200-2248] Failed to schedule the whole 2 cycles of the node 'load' operation 32 bit ('current', radiation_injector.cpp:49) on array 'weight_mem' within the first 3 cycles (II = 2). Simulation mismatch may occur if the input data is modified before this operation completes..
INFO: [HLS 200-2248] Failed to schedule the whole 2 cycles of the node 'load' operation 32 bit ('current', radiation_injector.cpp:49) on array 'weight_mem' within the first 4 cycles (II = 3). Simulation mismatch may occur if the input data is modified before this operation completes..
INFO: [HLS 200-2248] Failed to schedule the whole 2 cycles of the node 'load' operation 32 bit ('current', radiation_injector.cpp:49) on array 'weight_mem' within the first 5 cycles (II = 4). Simulation mismatch may occur if the input data is modified before this operation completes..
INFO: [HLS 200-2248] Failed to schedule the whole 2 cycles of the node 'load' operation 32 bit ('current', radiation_injector.cpp:49) on array 'weight_mem' within the first 68 cycles (II = 67). Simulation mismatch may occur if the input data is modified before this operation completes..
INFO: [HLS 200-2248] Failed to schedule 'store' operation ('weight_mem_addr_write_ln52', radiation_injector.cpp:52) of variable 'flipped', radiation_injector.cpp:50 32 bit on array 'weight_mem' within the first 68 cycles (II = 68). Simulation mismatch may occur if the input data is modified before this operation completes..
INFO: [HLS 200-2248] Failed to schedule 'store' operation ('weight_mem_addr_write_ln52', radiation_injector.cpp:52) of variable 'flipped', radiation_injector.cpp:50 32 bit on array 'weight_mem' within the first 69 cycles (II = 69). Simulation mismatch may occur if the input data is modified before this operation completes..
INFO: [HLS 200-1470] Pipelining result : Target II = 1, Final II = 70, Depth = 70, function 'radiation_injector'
INFO: [SCHED 204-11] Finished scheduling.
INFO: [HLS 200-111] Finished Scheduling: CPU user time: 0 seconds. CPU system time: 0 seconds. Elapsed time: 1.883 seconds; current allocated memory: 164.926 MB.
INFO: [BIND 205-100] Starting micro-architecture generation ...
INFO: [BIND 205-101] Performing variable lifetime analysis.
INFO: [BIND 205-101] Exploring resource sharing.
INFO: [BIND 205-101] Binding ...
INFO: [BIND 205-100] Finished micro-architecture generation.
INFO: [HLS 200-111] Finished Binding: CPU user time: 0 seconds. CPU system time: 0 seconds. Elapsed time: 0.022 seconds; current allocated memory: 164.926 MB.
INFO: [HLS 200-10] ----------------------------------------------------------------
INFO: [HLS 200-10] -- Generating RTL for module 'radiation_injector' 
INFO: [HLS 200-10] ----------------------------------------------------------------
WARNING: [RTGEN 206-101] Design contains AXI ports. Reset is fixed to synchronous and active low.
INFO: [RTGEN 206-500] Setting interface mode on port 'radiation_injector/weight_mem' to 'bram'.
INFO: [RTGEN 206-500] Setting interface mode on port 'radiation_injector/intensity' to 's_axilite & ap_none'.
INFO: [RTGEN 206-500] Setting interface mode on port 'radiation_injector/seed' to 's_axilite & ap_none'.
INFO: [RTGEN 206-500] Setting interface mode on port 'radiation_injector/num_words' to 's_axilite & ap_none'.
INFO: [RTGEN 206-500] Setting interface mode on function 'radiation_injector' to 's_axilite & ap_ctrl_hs'.
WARNING: [RTGEN 206-101] Register 'lfsr' is power-on initialization.
INFO: [RTGEN 206-100] Bundling port 'intensity', 'seed', 'num_words' and 'return' to AXI-Lite port CTRL.
INFO: [RTGEN 206-100] Generating core module 'urem_31ns_11ns_31_35_1': 1 instance(s).
INFO: [RTGEN 206-100] Generating core module 'urem_31ns_15ns_31_35_1': 1 instance(s).
INFO: [RTGEN 206-100] Finished creating RTL model for 'radiation_injector'.
INFO: [HLS 200-111] Finished Creating RTL model: CPU user time: 0 seconds. CPU system time: 0 seconds. Elapsed time: 0.036 seconds; current allocated memory: 165.797 MB.
INFO: [HLS 200-111] Finished Generating all RTL models: CPU user time: 0 seconds. CPU system time: 0 seconds. Elapsed time: 0.249 seconds; current allocated memory: 170.805 MB.
INFO: [HLS 200-2225] Wrote inferred directives to file E:/source/.ITA/FPGA/7.RAD/zc702_workspace/radiation_injector/radiation_injector/hls/syn/inferred_directives.ini
INFO: [HLS 200-111] Finished Updating report files: CPU user time: 1 seconds. CPU system time: 0 seconds. Elapsed time: 0.517 seconds; current allocated memory: 174.270 MB.
INFO: [VHDL 208-304] Generating VHDL RTL for radiation_injector.
INFO: [VLOG 209-307] Generating Verilog RTL for radiation_injector.
INFO: [HLS 200-789] **** Estimated Fmax: 140.18 MHz
INFO: [HLS 200-112] Total CPU user time: 2 seconds. Total CPU system time: 1 seconds. Total elapsed time: 17.017 seconds; peak allocated memory: 174.344 MB.
INFO: [v++ 60-791] Total elapsed time: 0h 0m 20s
