02/26/26 20:42:02: Running xcd server. This server was built by gradle.
02/26/26 20:42:02: Server was asked to start on port: '61818'
02/26/26 20:42:02: Server is using token UUID: '0ae99797-a053-4446-8ea6-90adae150baf'
02/26/26 20:42:02: SESSION_MGR: creating session with session uuid: '6d04a3e9-ade5-4ab9-8d63-1f78fcd2ec76' and name 'default'
02/26/26 20:42:02: Attempting to start server on port '61818'
02/26/26 20:42:02: Running Dispatch Server
02/26/26 20:42:02: Version 2.2.0
02/26/26 20:42:04: Dispatch Server: Accepted socket connection from client
02/26/26 20:42:04: Starting Socket connection
02/26/26 20:42:04: EXCHANGE_TOKEN received, server token: 0ae99797-a053-4446-8ea6-90adae150baf, passed token: 0ae99797-a053-4446-8ea6-90adae150baf
02/26/26 20:42:05: DISPATCH_HANDLER: Adding handler from function makeHandler in library xv_system_diagram
02/26/26 20:42:05: SESSION_MGR: creating session with session uuid: '1fae78b9-8eac-4d36-bf0d-9e65d062f5eb' and name 'vitis-run_compile_radiation_injector'
02/26/26 20:42:05: KERNEL_SVC: creating session with uuid: '1fae78b9-8eac-4d36-bf0d-9e65d062f5eb' and name 'vitis-run_compile_radiation_injector'
02/26/26 20:42:05: GUIDANCE_SMGR: creating guidance session with uuid: '1fae78b9-8eac-4d36-bf0d-9e65d062f5eb' and name 'vitis-run_compile_radiation_injector'
02/26/26 20:42:05: SYSTEM_DIAGRAM: creating session with uuid: '1fae78b9-8eac-4d36-bf0d-9e65d062f5eb' and name 'vitis-run_compile_radiation_injector'
02/26/26 20:42:06: Dispatch Server: Accepted socket connection from client
02/26/26 20:42:06: Starting Socket connection
02/26/26 20:42:07: SESSION_MGR: closing session for UUID '1fae78b9-8eac-4d36-bf0d-9e65d062f5eb' with name 'vitis-run_compile_radiation_injector'
02/26/26 20:42:07: KERNEL_SVC: closing session for UUID '1fae78b9-8eac-4d36-bf0d-9e65d062f5eb' with name 'vitis-run_compile_radiation_injector'
02/26/26 20:42:07: GUIDANCE_SMGR: closing session for UUID '1fae78b9-8eac-4d36-bf0d-9e65d062f5eb' with name 'vitis-run_compile_radiation_injector'
02/26/26 20:42:07: SYSTEM_DIAGRAM: closing session for UUID '1fae78b9-8eac-4d36-bf0d-9e65d062f5eb' with name 'vitis-run_compile_radiation_injector'
02/26/26 20:42:07: STOP_SERVER received, server token: 0ae99797-a053-4446-8ea6-90adae150baf, passed token: 0ae99797-a053-4446-8ea6-90adae150baf
02/26/26 20:42:07: Socket received request to stop server.
02/26/26 20:42:07: Dispatch Server: do_await_stop
02/26/26 20:42:07: SERVER: destructor for server bound to port 61818
02/26/26 20:49:17: Running xcd server. This server was built by gradle.
02/26/26 20:49:17: Server was asked to start on port: '61131'
02/26/26 20:49:17: Server is using token UUID: '6fd67f51-4f28-45f4-8230-ffa696a55885'
02/26/26 20:49:17: SESSION_MGR: creating session with session uuid: '6d04a3e9-ade5-4ab9-8d63-1f78fcd2ec76' and name 'default'
02/26/26 20:49:17: Attempting to start server on port '61131'
02/26/26 20:49:17: Running Dispatch Server
02/26/26 20:49:17: Version 2.2.0
02/26/26 20:49:20: Dispatch Server: Accepted socket connection from client
02/26/26 20:49:20: Starting Socket connection
02/26/26 20:49:20: EXCHANGE_TOKEN received, server token: 6fd67f51-4f28-45f4-8230-ffa696a55885, passed token: 6fd67f51-4f28-45f4-8230-ffa696a55885
02/26/26 20:49:20: DISPATCH_HANDLER: Adding handler from function makeHandler in library xv_system_diagram
02/26/26 20:49:20: SESSION_MGR: creating session with session uuid: '64d3675f-f21b-48fa-a24b-8b174b683f14' and name 'v++_compile_radiation_injector'
02/26/26 20:49:20: KERNEL_SVC: creating session with uuid: '64d3675f-f21b-48fa-a24b-8b174b683f14' and name 'v++_compile_radiation_injector'
02/26/26 20:49:20: GUIDANCE_SMGR: creating guidance session with uuid: '64d3675f-f21b-48fa-a24b-8b174b683f14' and name 'v++_compile_radiation_injector'
02/26/26 20:49:20: SYSTEM_DIAGRAM: creating session with uuid: '64d3675f-f21b-48fa-a24b-8b174b683f14' and name 'v++_compile_radiation_injector'
02/26/26 20:49:22: Dispatch Server: Accepted socket connection from client
02/26/26 20:49:22: Starting Socket connection
02/26/26 20:49:33: SESSION_MGR: closing session for UUID '64d3675f-f21b-48fa-a24b-8b174b683f14' with name 'v++_compile_radiation_injector'
02/26/26 20:49:33: KERNEL_SVC: closing session for UUID '64d3675f-f21b-48fa-a24b-8b174b683f14' with name 'v++_compile_radiation_injector'
02/26/26 20:49:33: GUIDANCE_SMGR: closing session for UUID '64d3675f-f21b-48fa-a24b-8b174b683f14' with name 'v++_compile_radiation_injector'
02/26/26 20:49:33: SYSTEM_DIAGRAM: closing session for UUID '64d3675f-f21b-48fa-a24b-8b174b683f14' with name 'v++_compile_radiation_injector'
02/26/26 20:49:33: STOP_SERVER received, server token: 6fd67f51-4f28-45f4-8230-ffa696a55885, passed token: 6fd67f51-4f28-45f4-8230-ffa696a55885
02/26/26 20:49:33: Socket received request to stop server.
02/26/26 20:49:33: Dispatch Server: do_await_stop
02/26/26 20:49:33: SERVER: destructor for server bound to port 61131
02/26/26 20:49:40: Running xcd server. This server was built by gradle.
02/26/26 20:49:40: Server was asked to start on port: '61149'
02/26/26 20:49:40: Server is using token UUID: '3638d926-05fe-4bce-bb19-18ded71210b7'
02/26/26 20:49:40: SESSION_MGR: creating session with session uuid: '6d04a3e9-ade5-4ab9-8d63-1f78fcd2ec76' and name 'default'
02/26/26 20:49:40: Attempting to start server on port '61149'
02/26/26 20:49:40: Running Dispatch Server
02/26/26 20:49:40: Version 2.2.0
02/26/26 20:49:42: Dispatch Server: Accepted socket connection from client
02/26/26 20:49:42: Starting Socket connection
02/26/26 20:49:42: EXCHANGE_TOKEN received, server token: 3638d926-05fe-4bce-bb19-18ded71210b7, passed token: 3638d926-05fe-4bce-bb19-18ded71210b7
02/26/26 20:49:43: DISPATCH_HANDLER: Adding handler from function makeHandler in library xv_system_diagram
02/26/26 20:49:43: SESSION_MGR: creating session with session uuid: '928693c1-4867-4400-a16f-6ce1bc2874c6' and name 'vitis-run_compile_radiation_injector'
02/26/26 20:49:43: KERNEL_SVC: creating session with uuid: '928693c1-4867-4400-a16f-6ce1bc2874c6' and name 'vitis-run_compile_radiation_injector'
02/26/26 20:49:43: GUIDANCE_SMGR: creating guidance session with uuid: '928693c1-4867-4400-a16f-6ce1bc2874c6' and name 'vitis-run_compile_radiation_injector'
02/26/26 20:49:43: SYSTEM_DIAGRAM: creating session with uuid: '928693c1-4867-4400-a16f-6ce1bc2874c6' and name 'vitis-run_compile_radiation_injector'
02/26/26 20:49:44: Dispatch Server: Accepted socket connection from client
02/26/26 20:49:44: Starting Socket connection
02/26/26 20:49:47: SESSION_MGR: closing session for UUID '928693c1-4867-4400-a16f-6ce1bc2874c6' with name 'vitis-run_compile_radiation_injector'
02/26/26 20:49:47: KERNEL_SVC: closing session for UUID '928693c1-4867-4400-a16f-6ce1bc2874c6' with name 'vitis-run_compile_radiation_injector'
02/26/26 20:49:47: GUIDANCE_SMGR: closing session for UUID '928693c1-4867-4400-a16f-6ce1bc2874c6' with name 'vitis-run_compile_radiation_injector'
02/26/26 20:49:47: SYSTEM_DIAGRAM: closing session for UUID '928693c1-4867-4400-a16f-6ce1bc2874c6' with name 'vitis-run_compile_radiation_injector'
02/26/26 20:49:47: STOP_SERVER received, server token: 3638d926-05fe-4bce-bb19-18ded71210b7, passed token: 3638d926-05fe-4bce-bb19-18ded71210b7
02/26/26 20:49:47: Socket received request to stop server.
02/26/26 20:49:47: Dispatch Server: do_await_stop
02/26/26 20:49:47: SERVER: destructor for server bound to port 61149
02/26/26 20:52:17: Running xcd server. This server was built by gradle.
02/26/26 20:52:17: Server was asked to start on port: '53345'
02/26/26 20:52:17: Server is using token UUID: '6478dc9b-feb8-4930-a456-8291134eb66e'
02/26/26 20:52:17: SESSION_MGR: creating session with session uuid: '6d04a3e9-ade5-4ab9-8d63-1f78fcd2ec76' and name 'default'
02/26/26 20:52:17: Attempting to start server on port '53345'
02/26/26 20:52:17: Running Dispatch Server
02/26/26 20:52:17: Version 2.2.0
02/26/26 20:52:19: Dispatch Server: Accepted socket connection from client
02/26/26 20:52:19: Starting Socket connection
02/26/26 20:52:19: EXCHANGE_TOKEN received, server token: 6478dc9b-feb8-4930-a456-8291134eb66e, passed token: 6478dc9b-feb8-4930-a456-8291134eb66e
02/26/26 20:52:19: DISPATCH_HANDLER: Adding handler from function makeHandler in library xv_system_diagram
02/26/26 20:52:19: SESSION_MGR: creating session with session uuid: '1dca30a3-8ee5-4c33-9d45-6ac7dfc5aeca' and name 'vitis-run_compile_radiation_injector'
02/26/26 20:52:19: KERNEL_SVC: creating session with uuid: '1dca30a3-8ee5-4c33-9d45-6ac7dfc5aeca' and name 'vitis-run_compile_radiation_injector'
02/26/26 20:52:19: GUIDANCE_SMGR: creating guidance session with uuid: '1dca30a3-8ee5-4c33-9d45-6ac7dfc5aeca' and name 'vitis-run_compile_radiation_injector'
02/26/26 20:52:19: SYSTEM_DIAGRAM: creating session with uuid: '1dca30a3-8ee5-4c33-9d45-6ac7dfc5aeca' and name 'vitis-run_compile_radiation_injector'
02/26/26 20:52:21: Dispatch Server: Accepted socket connection from client
02/26/26 20:52:21: Starting Socket connection
02/26/26 20:52:22: SESSION_MGR: closing session for UUID '1dca30a3-8ee5-4c33-9d45-6ac7dfc5aeca' with name 'vitis-run_compile_radiation_injector'
02/26/26 20:52:22: KERNEL_SVC: closing session for UUID '1dca30a3-8ee5-4c33-9d45-6ac7dfc5aeca' with name 'vitis-run_compile_radiation_injector'
02/26/26 20:52:22: GUIDANCE_SMGR: closing session for UUID '1dca30a3-8ee5-4c33-9d45-6ac7dfc5aeca' with name 'vitis-run_compile_radiation_injector'
02/26/26 20:52:22: SYSTEM_DIAGRAM: closing session for UUID '1dca30a3-8ee5-4c33-9d45-6ac7dfc5aeca' with name 'vitis-run_compile_radiation_injector'
02/26/26 20:52:22: STOP_SERVER received, server token: 6478dc9b-feb8-4930-a456-8291134eb66e, passed token: 6478dc9b-feb8-4930-a456-8291134eb66e
02/26/26 20:52:22: Socket received request to stop server.
02/26/26 20:52:22: Dispatch Server: do_await_stop
02/26/26 20:52:22: SERVER: destructor for server bound to port 53345
02/26/26 20:52:52: Running xcd server. This server was built by gradle.
02/26/26 20:52:52: Server was asked to start on port: '53373'
02/26/26 20:52:52: Server is using token UUID: '26f1b6ab-90dd-4143-a944-3912b45c3b61'
02/26/26 20:52:52: SESSION_MGR: creating session with session uuid: '6d04a3e9-ade5-4ab9-8d63-1f78fcd2ec76' and name 'default'
02/26/26 20:52:52: Attempting to start server on port '53373'
02/26/26 20:52:52: Running Dispatch Server
02/26/26 20:52:52: Version 2.2.0
02/26/26 20:52:54: Dispatch Server: Accepted socket connection from client
02/26/26 20:52:54: Starting Socket connection
02/26/26 20:52:54: EXCHANGE_TOKEN received, server token: 26f1b6ab-90dd-4143-a944-3912b45c3b61, passed token: 26f1b6ab-90dd-4143-a944-3912b45c3b61
02/26/26 20:52:54: DISPATCH_HANDLER: Adding handler from function makeHandler in library xv_system_diagram
02/26/26 20:52:54: SESSION_MGR: creating session with session uuid: 'a05f3de0-6cfa-4638-8856-0c8f9cc7a902' and name 'v++_compile_radiation_injector'
02/26/26 20:52:54: KERNEL_SVC: creating session with uuid: 'a05f3de0-6cfa-4638-8856-0c8f9cc7a902' and name 'v++_compile_radiation_injector'
02/26/26 20:52:54: GUIDANCE_SMGR: creating guidance session with uuid: 'a05f3de0-6cfa-4638-8856-0c8f9cc7a902' and name 'v++_compile_radiation_injector'
02/26/26 20:52:54: SYSTEM_DIAGRAM: creating session with uuid: 'a05f3de0-6cfa-4638-8856-0c8f9cc7a902' and name 'v++_compile_radiation_injector'
02/26/26 20:52:56: Dispatch Server: Accepted socket connection from client
02/26/26 20:52:56: Starting Socket connection
02/26/26 20:53:08: SESSION_MGR: closing session for UUID 'a05f3de0-6cfa-4638-8856-0c8f9cc7a902' with name 'v++_compile_radiation_injector'
02/26/26 20:53:08: KERNEL_SVC: closing session for UUID 'a05f3de0-6cfa-4638-8856-0c8f9cc7a902' with name 'v++_compile_radiation_injector'
02/26/26 20:53:08: GUIDANCE_SMGR: closing session for UUID 'a05f3de0-6cfa-4638-8856-0c8f9cc7a902' with name 'v++_compile_radiation_injector'
02/26/26 20:53:08: SYSTEM_DIAGRAM: closing session for UUID 'a05f3de0-6cfa-4638-8856-0c8f9cc7a902' with name 'v++_compile_radiation_injector'
02/26/26 20:53:08: STOP_SERVER received, server token: 26f1b6ab-90dd-4143-a944-3912b45c3b61, passed token: 26f1b6ab-90dd-4143-a944-3912b45c3b61
02/26/26 20:53:08: Socket received request to stop server.
02/26/26 20:53:08: Dispatch Server: do_await_stop
02/26/26 20:53:08: SERVER: destructor for server bound to port 53373
02/26/26 20:53:16: Running xcd server. This server was built by gradle.
02/26/26 20:53:16: Server was asked to start on port: '53396'
02/26/26 20:53:16: Server is using token UUID: 'ed53634c-c8da-425d-8837-b04530b3c5c8'
02/26/26 20:53:16: SESSION_MGR: creating session with session uuid: '6d04a3e9-ade5-4ab9-8d63-1f78fcd2ec76' and name 'default'
02/26/26 20:53:16: Attempting to start server on port '53396'
02/26/26 20:53:16: Running Dispatch Server
02/26/26 20:53:16: Version 2.2.0
02/26/26 20:53:19: Dispatch Server: Accepted socket connection from client
02/26/26 20:53:19: Starting Socket connection
02/26/26 20:53:19: EXCHANGE_TOKEN received, server token: ed53634c-c8da-425d-8837-b04530b3c5c8, passed token: ed53634c-c8da-425d-8837-b04530b3c5c8
02/26/26 20:53:19: DISPATCH_HANDLER: Adding handler from function makeHandler in library xv_system_diagram
02/26/26 20:53:19: SESSION_MGR: creating session with session uuid: '471974ed-c1aa-44d8-9946-b13629ee9f81' and name 'vitis-run_compile_radiation_injector'
02/26/26 20:53:19: KERNEL_SVC: creating session with uuid: '471974ed-c1aa-44d8-9946-b13629ee9f81' and name 'vitis-run_compile_radiation_injector'
02/26/26 20:53:19: GUIDANCE_SMGR: creating guidance session with uuid: '471974ed-c1aa-44d8-9946-b13629ee9f81' and name 'vitis-run_compile_radiation_injector'
02/26/26 20:53:19: SYSTEM_DIAGRAM: creating session with uuid: '471974ed-c1aa-44d8-9946-b13629ee9f81' and name 'vitis-run_compile_radiation_injector'
02/26/26 20:53:21: Dispatch Server: Accepted socket connection from client
02/26/26 20:53:21: Starting Socket connection
02/26/26 20:53:49: SESSION_MGR: closing session for UUID '471974ed-c1aa-44d8-9946-b13629ee9f81' with name 'vitis-run_compile_radiation_injector'
02/26/26 20:53:49: KERNEL_SVC: closing session for UUID '471974ed-c1aa-44d8-9946-b13629ee9f81' with name 'vitis-run_compile_radiation_injector'
02/26/26 20:53:49: GUIDANCE_SMGR: closing session for UUID '471974ed-c1aa-44d8-9946-b13629ee9f81' with name 'vitis-run_compile_radiation_injector'
02/26/26 20:53:49: SYSTEM_DIAGRAM: closing session for UUID '471974ed-c1aa-44d8-9946-b13629ee9f81' with name 'vitis-run_compile_radiation_injector'
02/26/26 20:53:49: STOP_SERVER received, server token: ed53634c-c8da-425d-8837-b04530b3c5c8, passed token: ed53634c-c8da-425d-8837-b04530b3c5c8
02/26/26 20:53:49: Socket received request to stop server.
02/26/26 20:53:49: Dispatch Server: do_await_stop
02/26/26 20:53:49: SERVER: destructor for server bound to port 53396
02/26/26 20:54:27: Running xcd server. This server was built by gradle.
02/26/26 20:54:27: Server was asked to start on port: '53450'
02/26/26 20:54:27: Server is using token UUID: '6c26ab5d-fdea-4627-a512-160719c2937b'
02/26/26 20:54:27: SESSION_MGR: creating session with session uuid: '6d04a3e9-ade5-4ab9-8d63-1f78fcd2ec76' and name 'default'
02/26/26 20:54:27: Attempting to start server on port '53450'
02/26/26 20:54:27: Running Dispatch Server
02/26/26 20:54:27: Version 2.2.0
02/26/26 20:54:30: Dispatch Server: Accepted socket connection from client
02/26/26 20:54:30: Starting Socket connection
02/26/26 20:54:30: EXCHANGE_TOKEN received, server token: 6c26ab5d-fdea-4627-a512-160719c2937b, passed token: 6c26ab5d-fdea-4627-a512-160719c2937b
02/26/26 20:54:30: DISPATCH_HANDLER: Adding handler from function makeHandler in library xv_system_diagram
02/26/26 20:54:30: SESSION_MGR: creating session with session uuid: '5a6597b2-3d39-41e4-b402-c5aeb8d52366' and name 'vitis-run_compile_radiation_injector'
02/26/26 20:54:30: KERNEL_SVC: creating session with uuid: '5a6597b2-3d39-41e4-b402-c5aeb8d52366' and name 'vitis-run_compile_radiation_injector'
02/26/26 20:54:30: GUIDANCE_SMGR: creating guidance session with uuid: '5a6597b2-3d39-41e4-b402-c5aeb8d52366' and name 'vitis-run_compile_radiation_injector'
02/26/26 20:54:30: SYSTEM_DIAGRAM: creating session with uuid: '5a6597b2-3d39-41e4-b402-c5aeb8d52366' and name 'vitis-run_compile_radiation_injector'
02/26/26 20:54:32: Dispatch Server: Accepted socket connection from client
02/26/26 20:54:32: Starting Socket connection
02/26/26 20:54:39: SESSION_MGR: closing session for UUID '5a6597b2-3d39-41e4-b402-c5aeb8d52366' with name 'vitis-run_compile_radiation_injector'
02/26/26 20:54:39: KERNEL_SVC: closing session for UUID '5a6597b2-3d39-41e4-b402-c5aeb8d52366' with name 'vitis-run_compile_radiation_injector'
02/26/26 20:54:39: GUIDANCE_SMGR: closing session for UUID '5a6597b2-3d39-41e4-b402-c5aeb8d52366' with name 'vitis-run_compile_radiation_injector'
02/26/26 20:54:39: SYSTEM_DIAGRAM: closing session for UUID '5a6597b2-3d39-41e4-b402-c5aeb8d52366' with name 'vitis-run_compile_radiation_injector'
02/26/26 20:54:39: STOP_SERVER received, server token: 6c26ab5d-fdea-4627-a512-160719c2937b, passed token: 6c26ab5d-fdea-4627-a512-160719c2937b
02/26/26 20:54:39: Socket received request to stop server.
02/26/26 20:54:39: Dispatch Server: do_await_stop
02/26/26 20:54:39: SERVER: destructor for server bound to port 53450
