

================================================================
== Vitis HLS Report for 'radiation_injector'
================================================================
* Date:           Sun Mar  1 06:16:03 2026

* Version:        2025.2 (Build 6295257 on Nov 14 2025)
* Project:        radiation_injector
* Solution:       hls (Vivado IP Flow Target)
* Product family: zynq
* Target device:  xc7z020-clg400-2


================================================================
== Performance Estimates
================================================================
+ Timing: 
    * Summary: 
    +--------+----------+----------+------------+
    |  Clock |  Target  | Estimated| Uncertainty|
    +--------+----------+----------+------------+
    |ap_clk  |  10.00 ns|  7.030 ns|     2.70 ns|
    +--------+----------+----------+------------+

+ Latency: 
    * Summary: 
    +---------+---------+-----------+----------+-----+-----+---------+
    |  Latency (cycles) |  Latency (absolute)  |  Interval | Pipeline|
    |   min   |   max   |    min    |    max   | min | max |   Type  |
    +---------+---------+-----------+----------+-----+-----+---------+
    |        1|       35|  10.000 ns|  0.350 us|    2|   36|       no|
    +---------+---------+-----------+----------+-----+-----+---------+

    + Detail: 
        * Instance: 
        N/A

        * Loop: 
        N/A



================================================================
== Utilization Estimates
================================================================
* Summary: 
+-----------------+---------+-----+--------+-------+-----+
|       Name      | BRAM_18K| DSP |   FF   |  LUT  | URAM|
+-----------------+---------+-----+--------+-------+-----+
|DSP              |        -|    -|       -|      -|    -|
|Expression       |        -|    -|       0|    259|    -|
|FIFO             |        -|    -|       -|      -|    -|
|Instance         |        0|    -|     532|    462|    -|
|Memory           |        -|    -|       -|      -|    -|
|Multiplexer      |        -|    -|       0|    187|    -|
|Register         |        -|    -|      56|      -|    -|
+-----------------+---------+-----+--------+-------+-----+
|Total            |        0|    0|     588|    908|    0|
+-----------------+---------+-----+--------+-------+-----+
|Available        |      280|  220|  106400|  53200|    0|
+-----------------+---------+-----+--------+-------+-----+
|Utilization (%)  |        0|    0|      ~0|      1|    0|
+-----------------+---------+-----+--------+-------+-----+

+ Detail: 
    * Instance: 
    +-------------------------------+----------------------------+---------+----+-----+-----+-----+
    |            Instance           |           Module           | BRAM_18K| DSP|  FF | LUT | URAM|
    +-------------------------------+----------------------------+---------+----+-----+-----+-----+
    |control_s_axi_U                |control_s_axi               |        0|   0|  150|  232|    0|
    |urem_31ns_15ns_31_35_seq_1_U1  |urem_31ns_15ns_31_35_seq_1  |        0|   0|  382|  230|    0|
    +-------------------------------+----------------------------+---------+----+-----+-----+-----+
    |Total                          |                            |        0|   0|  532|  462|    0|
    +-------------------------------+----------------------------+---------+----+-----+-----+-----+

    * DSP: 
    N/A

    * Memory: 
    N/A

    * FIFO: 
    N/A

    * Expression: 
    +----------------------+----------+----+---+----+------------+------------+
    |     Variable Name    | Operation| DSP| FF| LUT| Bitwidth P0| Bitwidth P1|
    +----------------------+----------+----+---+----+------------+------------+
    |icmp_ln21_fu_87_p2    |      icmp|   0|  0|  32|          32|           1|
    |icmp_ln24_fu_93_p2    |      icmp|   0|  0|  32|          32|          15|
    |icmp_ln29_fu_111_p2   |      icmp|   0|  0|  32|          32|           1|
    |lfsr_fu_127_p3        |    select|   0|  0|  31|           1|          15|
    |num_words_1_fu_99_p3  |    select|   0|  0|  16|           1|          16|
    |mask_fu_159_p2        |       shl|   0|  0|  84|           1|          32|
    |xor_ln46_fu_165_p2    |       xor|   0|  0|  32|          32|          32|
    +----------------------+----------+----+---+----+------------+------------+
    |Total                 |          |   0|  0| 259|         131|         112|
    +----------------------+----------+----+---+----+------------+------------+

    * Multiplexer: 
    +------------------------+-----+-----------+-----+-----------+
    |          Name          | LUT | Input Size| Bits| Total Bits|
    +------------------------+-----+-----------+-----+-----------+
    |ap_NS_fsm               |  165|         37|    1|         37|
    |weight_mem_Addr_A_orig  |   13|          3|   32|         96|
    |weight_mem_WEN_A_local  |    9|          2|    4|          8|
    +------------------------+-----+-----------+-----+-----------+
    |Total                   |  187|         42|   37|        141|
    +------------------------+-----+-----------+-----+-----------+

    * Register: 
    +-------------------------+----+----+-----+-----------+
    |           Name          | FF | LUT| Bits| Const Bits|
    +-------------------------+----+----+-----+-----------+
    |ap_CS_fsm                |  36|   0|   36|          0|
    |bitpos_reg_186           |   5|   0|    5|          0|
    |icmp_ln21_reg_172        |   1|   0|    1|          0|
    |weight_mem_addr_reg_191  |  14|   0|   14|          0|
    +-------------------------+----+----+-----+-----------+
    |Total                    |  56|   0|   56|          0|
    +-------------------------+----+----+-----+-----------+



================================================================
== Interface
================================================================
* Summary: 
+-----------------------+-----+-----+------------+--------------------+--------------+
|       RTL Ports       | Dir | Bits|  Protocol  |    Source Object   |    C Type    |
+-----------------------+-----+-----+------------+--------------------+--------------+
|s_axi_control_AWVALID  |   in|    1|       s_axi|             control|        scalar|
|s_axi_control_AWREADY  |  out|    1|       s_axi|             control|        scalar|
|s_axi_control_AWADDR   |   in|    6|       s_axi|             control|        scalar|
|s_axi_control_WVALID   |   in|    1|       s_axi|             control|        scalar|
|s_axi_control_WREADY   |  out|    1|       s_axi|             control|        scalar|
|s_axi_control_WDATA    |   in|   32|       s_axi|             control|        scalar|
|s_axi_control_WSTRB    |   in|    4|       s_axi|             control|        scalar|
|s_axi_control_ARVALID  |   in|    1|       s_axi|             control|        scalar|
|s_axi_control_ARREADY  |  out|    1|       s_axi|             control|        scalar|
|s_axi_control_ARADDR   |   in|    6|       s_axi|             control|        scalar|
|s_axi_control_RVALID   |  out|    1|       s_axi|             control|        scalar|
|s_axi_control_RREADY   |   in|    1|       s_axi|             control|        scalar|
|s_axi_control_RDATA    |  out|   32|       s_axi|             control|        scalar|
|s_axi_control_RRESP    |  out|    2|       s_axi|             control|        scalar|
|s_axi_control_BVALID   |  out|    1|       s_axi|             control|        scalar|
|s_axi_control_BREADY   |   in|    1|       s_axi|             control|        scalar|
|s_axi_control_BRESP    |  out|    2|       s_axi|             control|        scalar|
|ap_clk                 |   in|    1|  ap_ctrl_hs|  radiation_injector|  return value|
|ap_rst_n               |   in|    1|  ap_ctrl_hs|  radiation_injector|  return value|
|interrupt              |  out|    1|  ap_ctrl_hs|  radiation_injector|  return value|
|weight_mem_Addr_A      |  out|   32|        bram|          weight_mem|         array|
|weight_mem_EN_A        |  out|    1|        bram|          weight_mem|         array|
|weight_mem_WEN_A       |  out|    4|        bram|          weight_mem|         array|
|weight_mem_Din_A       |  out|   32|        bram|          weight_mem|         array|
|weight_mem_Dout_A      |   in|   32|        bram|          weight_mem|         array|
|weight_mem_Clk_A       |  out|    1|        bram|          weight_mem|         array|
|weight_mem_Rst_A       |  out|    1|        bram|          weight_mem|         array|
+-----------------------+-----+-----+------------+--------------------+--------------+

