  **** HLS Build v2024.2 5238294
INFO: [HLS 200-2005] Using work_dir E:/FPGA/2024/MicroPhase-Z7-Lite-Board/BGN/edt_zc702_workspace/bgn_ip/bgn_ip 
INFO: [HLS 200-1505] Using default flow_target 'vivado'
Resolution: For help on HLS 200-1505 see docs.xilinx.com/access/sources/dita/topic?Doc_Version=2024.2%20English&url=ug1448-hls-guidance&resourceid=200-1505.html
INFO: [HLS 200-1465] Applying ini 'syn.file=weights.h' from E:/FPGA/2024/MicroPhase-Z7-Lite-Board/BGN/edt_zc702_workspace/bgn_ip/hls_config.cfg(7)
INFO: [HLS 200-10] Adding design file 'E:/FPGA/2024/MicroPhase-Z7-Lite-Board/BGN/edt_zc702_workspace/bgn_ip/weights.h' to the project
INFO: [HLS 200-1465] Applying ini 'syn.file=top.cpp' from E:/FPGA/2024/MicroPhase-Z7-Lite-Board/BGN/edt_zc702_workspace/bgn_ip/hls_config.cfg(8)
INFO: [HLS 200-10] Adding design file 'E:/FPGA/2024/MicroPhase-Z7-Lite-Board/BGN/edt_zc702_workspace/bgn_ip/top.cpp' to the project
INFO: [HLS 200-1465] Applying ini 'syn.top=bgn_inference' from E:/FPGA/2024/MicroPhase-Z7-Lite-Board/BGN/edt_zc702_workspace/bgn_ip/hls_config.cfg(9)
INFO: [HLS 200-1465] Applying ini 'flow_target=vivado' from E:/FPGA/2024/MicroPhase-Z7-Lite-Board/BGN/edt_zc702_workspace/bgn_ip/hls_config.cfg(4)
INFO: [HLS 200-1505] Using flow_target 'vivado'
Resolution: For help on HLS 200-1505 see docs.xilinx.com/access/sources/dita/topic?Doc_Version=2024.2%20English&url=ug1448-hls-guidance&resourceid=200-1505.html
INFO: [HLS 200-1465] Applying ini 'part=xc7z020clg400-2' from E:/FPGA/2024/MicroPhase-Z7-Lite-Board/BGN/edt_zc702_workspace/bgn_ip/hls_config.cfg(1)
INFO: [HLS 200-1611] Setting target device to 'xc7z020-clg400-2'
INFO: [HLS 200-1465] Applying ini 'package.output.format=ip_catalog' from E:/FPGA/2024/MicroPhase-Z7-Lite-Board/BGN/edt_zc702_workspace/bgn_ip/hls_config.cfg(5)
INFO: [HLS 200-111] Finished File checks and directory preparation: CPU user time: 1 seconds. CPU system time: 0 seconds. Elapsed time: 1.726 seconds; current allocated memory: 265.594 MB.
INFO: [HLS 200-10] Analyzing design file 'top.cpp' ... 
ERROR: [HLS 207-2972] no member named 'count' in 'ap_uint<32>' (top.cpp:36:41)
ERROR:  
INFO: [HLS 200-112] Total CPU user time: 1 seconds. Total CPU system time: 0 seconds. Total elapsed time: 3.695 seconds; peak allocated memory: 267.531 MB.
