

================================================================
== Vitis HLS Report for 'bgn_inference'
================================================================
* Date:           Sun Feb 22 22:28:35 2026

* Version:        2025.2 (Build 6295257 on Nov 14 2025)
* Project:        mnist_mlp_bgn
* Solution:       hls (Vivado IP Flow Target)
* Product family: zynq
* Target device:  xc7z020-clg400-2


================================================================
== Performance Estimates
================================================================
+ Timing: 
    * Summary: 
    +--------+----------+----------+------------+
    |  Clock |  Target  | Estimated| Uncertainty|
    +--------+----------+----------+------------+
    |ap_clk  |  10.00 ns|  7.087 ns|     2.70 ns|
    +--------+----------+----------+------------+

+ Latency: 
    * Summary: 
    +---------+---------+----------+----------+-------+-------+---------+
    |  Latency (cycles) |  Latency (absolute) |    Interval   | Pipeline|
    |   min   |   max   |    min   |    max   |  min  |  max  |   Type  |
    +---------+---------+----------+----------+-------+-------+---------+
    |    22427|    22427|  0.224 ms|  0.224 ms|  22428|  22428|       no|
    +---------+---------+----------+----------+-------+-------+---------+

    + Detail: 
        * Instance: 
        +---------------------------------------------------------+-----------------------------------------------+---------+---------+-----------+-----------+-----+-----+-------------------+
        |                                                         |                                               |  Latency (cycles) |   Latency (absolute)  |  Interval |      Pipeline     |
        |                         Instance                        |                     Module                    |   min   |   max   |    min    |    max    | min | max |        Type       |
        +---------------------------------------------------------+-----------------------------------------------+---------+---------+-----------+-----------+-----+-----+-------------------+
        |grp_bgn_inference_Pipeline_LAYER1_VITIS_LOOP_44_1_fu_79  |bgn_inference_Pipeline_LAYER1_VITIS_LOOP_44_1  |    16017|    16017|   0.160 ms|   0.160 ms|    0|    0|  loop pipeline stp|
        |grp_bgn_inference_Pipeline_LAYER2_VITIS_LOOP_79_2_fu_93  |bgn_inference_Pipeline_LAYER2_VITIS_LOOP_79_2  |     6406|     6406|  64.060 us|  64.060 us|    0|    0|  loop pipeline stp|
        +---------------------------------------------------------+-----------------------------------------------+---------+---------+-----------+-----------+-----+-----+-------------------+

        * Loop: 
        N/A



================================================================
== Utilization Estimates
================================================================
* Summary: 
+-----------------+---------+-----+--------+-------+-----+
|       Name      | BRAM_18K| DSP |   FF   |  LUT  | URAM|
+-----------------+---------+-----+--------+-------+-----+
|DSP              |        -|    -|       -|      -|    -|
|Expression       |        -|    -|       -|      -|    -|
|FIFO             |        -|    -|       -|      -|    -|
|Instance         |       38|    3|    2431|   2059|    -|
|Memory           |        -|    -|       7|     70|    -|
|Multiplexer      |        -|    -|       0|     60|    -|
|Register         |        -|    -|       7|      -|    -|
+-----------------+---------+-----+--------+-------+-----+
|Total            |       38|    3|    2445|   2189|    0|
+-----------------+---------+-----+--------+-------+-----+
|Available        |      280|  220|  106400|  53200|    0|
+-----------------+---------+-----+--------+-------+-----+
|Utilization (%)  |       13|    1|       2|      4|    0|
+-----------------+---------+-----+--------+-------+-----+

+ Detail: 
    * Instance: 
    +---------------------------------------------------------+-----------------------------------------------+---------+----+------+------+-----+
    |                         Instance                        |                     Module                    | BRAM_18K| DSP|  FF  |  LUT | URAM|
    +---------------------------------------------------------+-----------------------------------------------+---------+----+------+------+-----+
    |CTRL_s_axi_U                                             |CTRL_s_axi                                     |        0|   0|   218|   187|    0|
    |grp_bgn_inference_Pipeline_LAYER1_VITIS_LOOP_44_1_fu_79  |bgn_inference_Pipeline_LAYER1_VITIS_LOOP_44_1  |       34|   2|  1808|  1357|    0|
    |grp_bgn_inference_Pipeline_LAYER2_VITIS_LOOP_79_2_fu_93  |bgn_inference_Pipeline_LAYER2_VITIS_LOOP_79_2  |        4|   1|   405|   515|    0|
    +---------------------------------------------------------+-----------------------------------------------+---------+----+------+------+-----+
    |Total                                                    |                                               |       38|   3|  2431|  2059|    0|
    +---------------------------------------------------------+-----------------------------------------------+---------+----+------+------+-----+

    * DSP: 
    N/A

    * Memory: 
    +--------------+-------------------------------+---------+---+----+-----+------+-----+------+-------------+
    |    Memory    |             Module            | BRAM_18K| FF| LUT| URAM| Words| Bits| Banks| W*Bits*Banks|
    +--------------+-------------------------------+---------+---+----+-----+------+-----+------+-------------+
    |hidden_out_U  |hidden_out_RAM_1P_LUTRAM_1R1W  |        0|  7|  70|    0|   640|    7|     1|         4480|
    +--------------+-------------------------------+---------+---+----+-----+------+-----+------+-------------+
    |Total         |                               |        0|  7|  70|    0|   640|    7|     1|         4480|
    +--------------+-------------------------------+---------+---+----+-----+------+-----+------+-------------+

    * FIFO: 
    N/A

    * Expression: 
    N/A

    * Multiplexer: 
    +---------------------+----+-----------+-----+-----------+
    |         Name        | LUT| Input Size| Bits| Total Bits|
    +---------------------+----+-----------+-----+-----------+
    |ap_NS_fsm            |  25|          6|    1|          6|
    |hidden_out_address0  |  13|          3|   10|         30|
    |hidden_out_ce0       |  13|          3|    1|          3|
    |hidden_out_we0       |   9|          2|    1|          2|
    +---------------------+----+-----------+-----+-----------+
    |Total                |  60|         14|   13|         41|
    +---------------------+----+-----------+-----+-----------+

    * Register: 
    +----------------------------------------------------------------------+---+----+-----+-----------+
    |                                 Name                                 | FF| LUT| Bits| Const Bits|
    +----------------------------------------------------------------------+---+----+-----+-----------+
    |ap_CS_fsm                                                             |  5|   0|    5|          0|
    |grp_bgn_inference_Pipeline_LAYER1_VITIS_LOOP_44_1_fu_79_ap_start_reg  |  1|   0|    1|          0|
    |grp_bgn_inference_Pipeline_LAYER2_VITIS_LOOP_79_2_fu_93_ap_start_reg  |  1|   0|    1|          0|
    +----------------------------------------------------------------------+---+----+-----+-----------+
    |Total                                                                 |  7|   0|    7|          0|
    +----------------------------------------------------------------------+---+----+-----+-----------+



================================================================
== Interface
================================================================
* Summary: 
+--------------------+-----+-----+------------+---------------+--------------+
|      RTL Ports     | Dir | Bits|  Protocol  | Source Object |    C Type    |
+--------------------+-----+-----+------------+---------------+--------------+
|s_axi_CTRL_AWVALID  |   in|    1|       s_axi|           CTRL|         array|
|s_axi_CTRL_AWREADY  |  out|    1|       s_axi|           CTRL|         array|
|s_axi_CTRL_AWADDR   |   in|    8|       s_axi|           CTRL|         array|
|s_axi_CTRL_WVALID   |   in|    1|       s_axi|           CTRL|         array|
|s_axi_CTRL_WREADY   |  out|    1|       s_axi|           CTRL|         array|
|s_axi_CTRL_WDATA    |   in|   32|       s_axi|           CTRL|         array|
|s_axi_CTRL_WSTRB    |   in|    4|       s_axi|           CTRL|         array|
|s_axi_CTRL_ARVALID  |   in|    1|       s_axi|           CTRL|         array|
|s_axi_CTRL_ARREADY  |  out|    1|       s_axi|           CTRL|         array|
|s_axi_CTRL_ARADDR   |   in|    8|       s_axi|           CTRL|         array|
|s_axi_CTRL_RVALID   |  out|    1|       s_axi|           CTRL|         array|
|s_axi_CTRL_RREADY   |   in|    1|       s_axi|           CTRL|         array|
|s_axi_CTRL_RDATA    |  out|   32|       s_axi|           CTRL|         array|
|s_axi_CTRL_RRESP    |  out|    2|       s_axi|           CTRL|         array|
|s_axi_CTRL_BVALID   |  out|    1|       s_axi|           CTRL|         array|
|s_axi_CTRL_BREADY   |   in|    1|       s_axi|           CTRL|         array|
|s_axi_CTRL_BRESP    |  out|    2|       s_axi|           CTRL|         array|
|ap_clk              |   in|    1|  ap_ctrl_hs|  bgn_inference|  return value|
|ap_rst_n            |   in|    1|  ap_ctrl_hs|  bgn_inference|  return value|
|interrupt           |  out|    1|  ap_ctrl_hs|  bgn_inference|  return value|
+--------------------+-----+-----+------------+---------------+--------------+

