Vivado Simulator v2025.2
Copyright 1986-2022 Xilinx, Inc. All Rights Reserved.
Copyright 2022-2025 Advanced Micro Devices, Inc. All Rights Reserved.
Running: D:/AMDDesignTools/2025.2/Vivado/bin/unwrapped/win64.o/xelab.exe xil_defaultlib.apatb_radiation_injector_top xil_defaultlib.glbl -Oenable_linking_all_libraries -prj radiation_injector.prj -L smartconnect_v1_0 -L axi_protocol_checker_v1_1_12 -L axi_protocol_checker_v1_1_13 -L axis_protocol_checker_v1_1_11 -L axis_protocol_checker_v1_1_12 -L xil_defaultlib -L unisims_ver -L xpm -L floating_point_v7_1_21 -L floating_point_v7_0_26 --lib ieee_proposed=./ieee_proposed -L uvm -relax -i ./svr -i ./axivip -i ./svtb -i ./file_agent -i ./radiation_injector_subsystem -s radiation_injector 
Multi-threading is on. Using 22 slave threads.
INFO: [VRFC 10-2263] Analyzing SystemVerilog file "E:/source/.ITA/FPGA/7.RAD/zc702_workspace/radiation_injector/radiation_injector/hls/sim/verilog/glbl.v" into library xil_defaultlib
INFO: [VRFC 10-311] analyzing module glbl
INFO: [VRFC 10-2263] Analyzing SystemVerilog file "E:/source/.ITA/FPGA/7.RAD/zc702_workspace/radiation_injector/radiation_injector/hls/sim/verilog/radiation_injector.autotb.v" into library xil_defaultlib
INFO: [VRFC 10-311] analyzing module apatb_radiation_injector_top
INFO: [VRFC 10-2263] Analyzing SystemVerilog file "E:/source/.ITA/FPGA/7.RAD/zc702_workspace/radiation_injector/radiation_injector/hls/sim/verilog/radiation_injector.v" into library xil_defaultlib
INFO: [VRFC 10-311] analyzing module radiation_injector
INFO: [VRFC 10-2263] Analyzing SystemVerilog file "E:/source/.ITA/FPGA/7.RAD/zc702_workspace/radiation_injector/radiation_injector/hls/sim/verilog/radiation_injector_control_r_s_axi.v" into library xil_defaultlib
INFO: [VRFC 10-311] analyzing module radiation_injector_control_r_s_axi
INFO: [VRFC 10-2263] Analyzing SystemVerilog file "E:/source/.ITA/FPGA/7.RAD/zc702_workspace/radiation_injector/radiation_injector/hls/sim/verilog/radiation_injector_control_s_axi.v" into library xil_defaultlib
INFO: [VRFC 10-311] analyzing module radiation_injector_control_s_axi
INFO: [VRFC 10-2263] Analyzing SystemVerilog file "E:/source/.ITA/FPGA/7.RAD/zc702_workspace/radiation_injector/radiation_injector/hls/sim/verilog/radiation_injector_gmem_m_axi.v" into library xil_defaultlib
INFO: [VRFC 10-311] analyzing module radiation_injector_gmem_m_axi
INFO: [VRFC 10-311] analyzing module radiation_injector_gmem_m_axi_load
INFO: [VRFC 10-311] analyzing module radiation_injector_gmem_m_axi_store
INFO: [VRFC 10-311] analyzing module radiation_injector_gmem_m_axi_read
INFO: [VRFC 10-311] analyzing module radiation_injector_gmem_m_axi_write
INFO: [VRFC 10-311] analyzing module radiation_injector_gmem_m_axi_burst_converter
INFO: [VRFC 10-311] analyzing module radiation_injector_gmem_m_axi_burst_interleave
INFO: [VRFC 10-311] analyzing module radiation_injector_gmem_m_axi_burst_sequential
INFO: [VRFC 10-311] analyzing module radiation_injector_gmem_m_axi_throttle
INFO: [VRFC 10-311] analyzing module radiation_injector_gmem_m_axi_reg_slice
INFO: [VRFC 10-311] analyzing module radiation_injector_gmem_m_axi_fifo
INFO: [VRFC 10-311] analyzing module radiation_injector_gmem_m_axi_srl
INFO: [VRFC 10-311] analyzing module radiation_injector_gmem_m_axi_mem
INFO: [VRFC 10-2263] Analyzing SystemVerilog file "E:/source/.ITA/FPGA/7.RAD/zc702_workspace/radiation_injector/radiation_injector/hls/sim/verilog/radiation_injector_urem_32ns_11ns_32_36_seq_1.v" into library xil_defaultlib
INFO: [VRFC 10-311] analyzing module radiation_injector_urem_32ns_11ns_32_36_seq_1_divseq
INFO: [VRFC 10-311] analyzing module radiation_injector_urem_32ns_11ns_32_36_seq_1
INFO: [VRFC 10-2263] Analyzing SystemVerilog file "E:/source/.ITA/FPGA/7.RAD/zc702_workspace/radiation_injector/radiation_injector/hls/sim/verilog/radiation_injector_urem_32ns_32ns_32_36_seq_1.v" into library xil_defaultlib
INFO: [VRFC 10-311] analyzing module radiation_injector_urem_32ns_32ns_32_36_seq_1_divseq
INFO: [VRFC 10-311] analyzing module radiation_injector_urem_32ns_32ns_32_36_seq_1
INFO: [VRFC 10-2263] Analyzing SystemVerilog file "E:/source/.ITA/FPGA/7.RAD/zc702_workspace/radiation_injector/radiation_injector/hls/sim/verilog/dataflow_monitor.sv" into library xil_defaultlib
INFO: [VRFC 10-311] analyzing module dataflow_monitor
INFO: [VRFC 10-2263] Analyzing SystemVerilog file "E:/source/.ITA/FPGA/7.RAD/zc702_workspace/radiation_injector/radiation_injector/hls/sim/verilog/file_agent/file_agent_pkg.sv" into library xil_defaultlib
INFO: [VRFC 10-2263] Analyzing SystemVerilog file "E:/source/.ITA/FPGA/7.RAD/zc702_workspace/radiation_injector/radiation_injector/hls/sim/verilog/axivip/axi_pkg.sv" into library xil_defaultlib
INFO: [VRFC 10-2263] Analyzing SystemVerilog file "E:/source/.ITA/FPGA/7.RAD/zc702_workspace/radiation_injector/radiation_injector/hls/sim/verilog/axivip/axi_if.sv" into library xil_defaultlib
INFO: [VRFC 10-2263] Analyzing SystemVerilog file "E:/source/.ITA/FPGA/7.RAD/zc702_workspace/radiation_injector/radiation_injector/hls/sim/verilog/radiation_injector_subsystem/radiation_injector_subsystem_pkg.sv" into library xil_defaultlib
INFO: [VRFC 10-2263] Analyzing SystemVerilog file "E:/source/.ITA/FPGA/7.RAD/zc702_workspace/radiation_injector/radiation_injector/hls/sim/verilog/svtb/misc_interface.sv" into library xil_defaultlib
INFO: [VRFC 10-2263] Analyzing SystemVerilog file "E:/source/.ITA/FPGA/7.RAD/zc702_workspace/radiation_injector/radiation_injector/hls/sim/verilog/svtb/sv_module_top.sv" into library xil_defaultlib
INFO: [VRFC 10-311] analyzing module sv_module_top
Starting static elaboration
Pass Through NonSizing Optimizer
Completed static elaboration
Starting simulation data flow analysis
WARNING: [XSIM 43-4099] "/proj/primebuilds/9999.0_PRIME_0428_0031/installs/data/system_verilog/uvm_1.2/xlnx_uvm_package.sv" Line 4356. Module uvm_pkg doesn't have a timescale but at least one module in design has a timescale.
Completed simulation data flow analysis
Time Resolution for simulation is 1ps
Compiling package xil_defaultlib.$unit_sv_module_top_sv
Compiling package uvm.uvm_pkg
Compiling package std.std
Compiling package xil_defaultlib.axi_pkg
Compiling package xil_defaultlib.radiation_injector_subsystem_pkg
Compiling package xil_defaultlib.file_agent_pkg
Compiling package xil_defaultlib.$unit_dataflow_monitor_sv
Compiling module xil_defaultlib.radiation_injector_control_s_axi
Compiling module xil_defaultlib.radiation_injector_control_r_s_a...
Compiling module xil_defaultlib.radiation_injector_gmem_m_axi_sr...
Compiling module xil_defaultlib.radiation_injector_gmem_m_axi_fi...
Compiling module xil_defaultlib.radiation_injector_gmem_m_axi_sr...
Compiling module xil_defaultlib.radiation_injector_gmem_m_axi_fi...
Compiling module xil_defaultlib.radiation_injector_gmem_m_axi_sr...
Compiling module xil_defaultlib.radiation_injector_gmem_m_axi_fi...
Compiling module xil_defaultlib.radiation_injector_gmem_m_axi_sr...
Compiling module xil_defaultlib.radiation_injector_gmem_m_axi_fi...
Compiling module xil_defaultlib.radiation_injector_gmem_m_axi_sr...
Compiling module xil_defaultlib.radiation_injector_gmem_m_axi_fi...
Compiling module xil_defaultlib.radiation_injector_gmem_m_axi_st...
Compiling module xil_defaultlib.radiation_injector_gmem_m_axi_me...
Compiling module xil_defaultlib.radiation_injector_gmem_m_axi_fi...
Compiling module xil_defaultlib.radiation_injector_gmem_m_axi_lo...
Compiling module xil_defaultlib.radiation_injector_gmem_m_axi_re...
Compiling module xil_defaultlib.radiation_injector_gmem_m_axi_bu...
Compiling module xil_defaultlib.radiation_injector_gmem_m_axi_re...
Compiling module xil_defaultlib.radiation_injector_gmem_m_axi_sr...
Compiling module xil_defaultlib.radiation_injector_gmem_m_axi_fi...
Compiling module xil_defaultlib.radiation_injector_gmem_m_axi_re...
Compiling module xil_defaultlib.radiation_injector_gmem_m_axi_th...
Compiling module xil_defaultlib.radiation_injector_gmem_m_axi_re...
Compiling module xil_defaultlib.radiation_injector_gmem_m_axi_wr...
Compiling module xil_defaultlib.radiation_injector_gmem_m_axi_re...
Compiling module xil_defaultlib.radiation_injector_gmem_m_axi_re...
Compiling module xil_defaultlib.radiation_injector_gmem_m_axi(C_...
Compiling module xil_defaultlib.radiation_injector_urem_32ns_11n...
Compiling module xil_defaultlib.radiation_injector_urem_32ns_11n...
Compiling module xil_defaultlib.radiation_injector_urem_32ns_32n...
Compiling module xil_defaultlib.radiation_injector_urem_32ns_32n...
Compiling module xil_defaultlib.radiation_injector
Compiling module xil_defaultlib.misc_interface_default
Compiling module xil_defaultlib.axi_if(ADDR_WIDTH=64,STRB_WIDTH=...
Compiling module xil_defaultlib.axi_if(ADDR_WIDTH=5,STRB_WIDTH=4...
Compiling module xil_defaultlib.axi_if(ADDR_WIDTH=6,STRB_WIDTH=4...
Compiling module xil_defaultlib.sv_module_top
Compiling module xil_defaultlib.nodf_module_intf_default
Compiling module xil_defaultlib.dataflow_monitor_1
Compiling module xil_defaultlib.apatb_radiation_injector_top
Compiling module xil_defaultlib.glbl
Built simulation snapshot radiation_injector
