INFO: [SIM 2] *************** CSIM start ***************
mingw32-make: 'csim.exe' is up to date.
>> Starting C-Simulation...
Hidden[0]: 2
Hidden[1]: 2
Hidden[2]: 0
Hidden[3]: 3
Hidden[4]: 3
Hidden[5]: 1
Hidden[6]: 2
Hidden[7]: 2
Hidden[8]: 1
Hidden[9]: 1
Score Class [0]: -31
Score Class [1]: -26
Score Class [2]: -11
Score Class [3]: -13
Score Class [4]: -21
Score Class [5]: -6
Score Class [6]: 0
Score Class [7]: -32
Score Class [8]: -1
Score Class [9]: -23
>> Predicted Class: 6
>> Expected Class:  6
>> TEST PASSED! Bit-accuracy confirmed.
INFO: [SIM 1] CSim done with 0 errors.
INFO: [SIM 3] *************** CSIM finish ***************
